Arguments: 
  /home/mallikarjun/.nvm/versions/node/v16.17.1/bin/node /usr/local/bin/yarn add @tensorflow/tfjs @tensorflow/tfjs-node tfjs-resnet50

PATH: 
  /home/mallikarjun/.local/bin:/home/mallikarjun/.local/bin:/home/mallikarjun/anaconda3/condabin:/home/mallikarjun/.nvm/versions/node/v16.17.1/bin:/home/mallikarjun/.local/bin:/home/mallikarjun/.local/bin:/usr/local/sbin:/usr/local/bin:/usr/sbin:/usr/bin:/sbin:/bin:/usr/games:/usr/local/games:/snap/bin:/snap/bin

Yarn version: 
  1.22.19

Node version: 
  16.17.1

Platform: 
  linux x64

Trace: 
  Error: https://registry.yarnpkg.com/tfjs-resnet50: Not found
      at Request.params.callback [as _callback] (/usr/local/lib/node_modules/yarn/lib/cli.js:66145:18)
      at Request.self.callback (/usr/local/lib/node_modules/yarn/lib/cli.js:140890:22)
      at Request.emit (node:events:513:28)
      at Request.<anonymous> (/usr/local/lib/node_modules/yarn/lib/cli.js:141862:10)
      at Request.emit (node:events:513:28)
      at IncomingMessage.<anonymous> (/usr/local/lib/node_modules/yarn/lib/cli.js:141784:12)
      at Object.onceWrapper (node:events:627:28)
      at IncomingMessage.emit (node:events:525:35)
      at endReadableNT (node:internal/streams/readable:1358:12)
      at processTicksAndRejections (node:internal/process/task_queues:83:21)

npm manifest: 
  {
    "name": "backend_express",
    "version": "1.0.0",
    "main": "index.js",
    "license": "MIT",
    "type": "module",
    "engines": {
      "node": "16.x"
    },
    "scripts": {
      "dev": "nodemon ./index.js",
      "start": "node ./index.js"
    },
    "dependencies": {
      "axios": "^1.3.5",
      "body-parser": "^1.20.1",
      "connect-mongo": "^5.0.0",
      "cors": "^2.8.5",
      "ejs": "^3.1.8",
      "express": "^4.18.2",
      "express-session": "^1.17.3",
      "ml-distance": "^4.0.0",
      "mongoose": "^6.9.1",
      "morgan": "^1.10.0"
    },
    "devDependencies": {
      "nodemon": "^2.0.20"
    }
  }

yarn manifest: 
  No manifest

Lockfile: 
  # THIS IS AN AUTOGENERATED FILE. DO NOT EDIT THIS FILE DIRECTLY.
  # yarn lockfile v1
  
  
  "@aws-crypto/ie11-detection@^3.0.0":
    version "3.0.0"
    resolved "https://registry.yarnpkg.com/@aws-crypto/ie11-detection/-/ie11-detection-3.0.0.tgz#640ae66b4ec3395cee6a8e94ebcd9f80c24cd688"
    integrity sha512-341lBBkiY1DfDNKai/wXM3aujNBkXR7tq1URPQDL9wi3AUbI80NR74uF1TXHMm7po1AcnFk8iu2S2IeU/+/A+Q==
    dependencies:
      tslib "^1.11.1"
  
  "@aws-crypto/sha256-browser@3.0.0":
    version "3.0.0"
    resolved "https://registry.yarnpkg.com/@aws-crypto/sha256-browser/-/sha256-browser-3.0.0.tgz#05f160138ab893f1c6ba5be57cfd108f05827766"
    integrity sha512-8VLmW2B+gjFbU5uMeqtQM6Nj0/F1bro80xQXCW6CQBWgosFWXTx77aeOF5CAIAmbOK64SdMBJdNr6J41yP5mvQ==
    dependencies:
      "@aws-crypto/ie11-detection" "^3.0.0"
      "@aws-crypto/sha256-js" "^3.0.0"
      "@aws-crypto/supports-web-crypto" "^3.0.0"
      "@aws-crypto/util" "^3.0.0"
      "@aws-sdk/types" "^3.222.0"
      "@aws-sdk/util-locate-window" "^3.0.0"
      "@aws-sdk/util-utf8-browser" "^3.0.0"
      tslib "^1.11.1"
  
  "@aws-crypto/sha256-js@3.0.0", "@aws-crypto/sha256-js@^3.0.0":
    version "3.0.0"
    resolved "https://registry.yarnpkg.com/@aws-crypto/sha256-js/-/sha256-js-3.0.0.tgz#f06b84d550d25521e60d2a0e2a90139341e007c2"
    integrity sha512-PnNN7os0+yd1XvXAy23CFOmTbMaDxgxXtTKHybrJ39Y8kGzBATgBFibWJKH6BhytLI/Zyszs87xCOBNyBig6vQ==
    dependencies:
      "@aws-crypto/util" "^3.0.0"
      "@aws-sdk/types" "^3.222.0"
      tslib "^1.11.1"
  
  "@aws-crypto/supports-web-crypto@^3.0.0":
    version "3.0.0"
    resolved "https://registry.yarnpkg.com/@aws-crypto/supports-web-crypto/-/supports-web-crypto-3.0.0.tgz#5d1bf825afa8072af2717c3e455f35cda0103ec2"
    integrity sha512-06hBdMwUAb2WFTuGG73LSC0wfPu93xWwo5vL2et9eymgmu3Id5vFAHBbajVWiGhPO37qcsdCap/FqXvJGJWPIg==
    dependencies:
      tslib "^1.11.1"
  
  "@aws-crypto/util@^3.0.0":
    version "3.0.0"
    resolved "https://registry.yarnpkg.com/@aws-crypto/util/-/util-3.0.0.tgz#1c7ca90c29293f0883468ad48117937f0fe5bfb0"
    integrity sha512-2OJlpeJpCR48CC8r+uKVChzs9Iungj9wkZrl8Z041DWEWvyIHILYKCPNzJghKsivj+S3mLo6BVc7mBNzdxA46w==
    dependencies:
      "@aws-sdk/types" "^3.222.0"
      "@aws-sdk/util-utf8-browser" "^3.0.0"
      tslib "^1.11.1"
  
  "@aws-sdk/abort-controller@3.338.0":
    version "3.338.0"
    resolved "https://registry.yarnpkg.com/@aws-sdk/abort-controller/-/abort-controller-3.338.0.tgz#955203aab957906479aaca978e23a3131db068cf"
    integrity sha512-/yLI32+HwFNBRJ39jMXw+/cn3AnlCuJpQd7Ax4887g32Dgte5eyrfY8sJUOL6902BUmAq4oSRI5QeBXNplO0Xw==
    dependencies:
      "@aws-sdk/types" "3.338.0"
      tslib "^2.5.0"
  
  "@aws-sdk/client-cognito-identity@3.338.0":
    version "3.338.0"
    resolved "https://registry.yarnpkg.com/@aws-sdk/client-cognito-identity/-/client-cognito-identity-3.338.0.tgz#cba403af53c57b9cdcb3fa529c0be4cdc2cbe7c2"
    integrity sha512-1gu9gXJwrxGGGMlBzmM4d8mkNjD1M8tWo+vmT/Aq1EMBxGef3eN0k6SyeIruj2Jns3olC6pjTIU8zb3vVBkh5Q==
    dependencies:
      "@aws-crypto/sha256-browser" "3.0.0"
      "@aws-crypto/sha256-js" "3.0.0"
      "@aws-sdk/client-sts" "3.338.0"
      "@aws-sdk/config-resolver" "3.338.0"
      "@aws-sdk/credential-provider-node" "3.338.0"
      "@aws-sdk/fetch-http-handler" "3.338.0"
      "@aws-sdk/hash-node" "3.338.0"
      "@aws-sdk/invalid-dependency" "3.338.0"
      "@aws-sdk/middleware-content-length" "3.338.0"
      "@aws-sdk/middleware-endpoint" "3.338.0"
      "@aws-sdk/middleware-host-header" "3.338.0"
      "@aws-sdk/middleware-logger" "3.338.0"
      "@aws-sdk/middleware-recursion-detection" "3.338.0"
      "@aws-sdk/middleware-retry" "3.338.0"
      "@aws-sdk/middleware-serde" "3.338.0"
      "@aws-sdk/middleware-signing" "3.338.0"
      "@aws-sdk/middleware-stack" "3.338.0"
      "@aws-sdk/middleware-user-agent" "3.338.0"
      "@aws-sdk/node-config-provider" "3.338.0"
      "@aws-sdk/node-http-handler" "3.338.0"
      "@aws-sdk/smithy-client" "3.338.0"
      "@aws-sdk/types" "3.338.0"
      "@aws-sdk/url-parser" "3.338.0"
      "@aws-sdk/util-base64" "3.310.0"
      "@aws-sdk/util-body-length-browser" "3.310.0"
      "@aws-sdk/util-body-length-node" "3.310.0"
      "@aws-sdk/util-defaults-mode-browser" "3.338.0"
      "@aws-sdk/util-defaults-mode-node" "3.338.0"
      "@aws-sdk/util-endpoints" "3.338.0"
      "@aws-sdk/util-retry" "3.338.0"
      "@aws-sdk/util-user-agent-browser" "3.338.0"
      "@aws-sdk/util-user-agent-node" "3.338.0"
      "@aws-sdk/util-utf8" "3.310.0"
      "@smithy/protocol-http" "^1.0.1"
      "@smithy/types" "^1.0.0"
      tslib "^2.5.0"
  
  "@aws-sdk/client-sso-oidc@3.338.0":
    version "3.338.0"
    resolved "https://registry.yarnpkg.com/@aws-sdk/client-sso-oidc/-/client-sso-oidc-3.338.0.tgz#ba3115962fc8c5ccec8c2c984063641a1b1ed283"
    integrity sha512-mny5Q3LWKTcMMFS8WxeOCTinl193z7vS3b+eQz09K4jb1Lq04Bpjw25cySgBnhMGZ7QHQiYBscNLyu/TfOKiHA==
    dependencies:
      "@aws-crypto/sha256-browser" "3.0.0"
      "@aws-crypto/sha256-js" "3.0.0"
      "@aws-sdk/config-resolver" "3.338.0"
      "@aws-sdk/fetch-http-handler" "3.338.0"
      "@aws-sdk/hash-node" "3.338.0"
      "@aws-sdk/invalid-dependency" "3.338.0"
      "@aws-sdk/middleware-content-length" "3.338.0"
      "@aws-sdk/middleware-endpoint" "3.338.0"
      "@aws-sdk/middleware-host-header" "3.338.0"
      "@aws-sdk/middleware-logger" "3.338.0"
      "@aws-sdk/middleware-recursion-detection" "3.338.0"
      "@aws-sdk/middleware-retry" "3.338.0"
      "@aws-sdk/middleware-serde" "3.338.0"
      "@aws-sdk/middleware-stack" "3.338.0"
      "@aws-sdk/middleware-user-agent" "3.338.0"
      "@aws-sdk/node-config-provider" "3.338.0"
      "@aws-sdk/node-http-handler" "3.338.0"
      "@aws-sdk/smithy-client" "3.338.0"
      "@aws-sdk/types" "3.338.0"
      "@aws-sdk/url-parser" "3.338.0"
      "@aws-sdk/util-base64" "3.310.0"
      "@aws-sdk/util-body-length-browser" "3.310.0"
      "@aws-sdk/util-body-length-node" "3.310.0"
      "@aws-sdk/util-defaults-mode-browser" "3.338.0"
      "@aws-sdk/util-defaults-mode-node" "3.338.0"
      "@aws-sdk/util-endpoints" "3.338.0"
      "@aws-sdk/util-retry" "3.338.0"
      "@aws-sdk/util-user-agent-browser" "3.338.0"
      "@aws-sdk/util-user-agent-node" "3.338.0"
      "@aws-sdk/util-utf8" "3.310.0"
      "@smithy/protocol-http" "^1.0.1"
      "@smithy/types" "^1.0.0"
      tslib "^2.5.0"
  
  "@aws-sdk/client-sso@3.338.0":
    version "3.338.0"
    resolved "https://registry.yarnpkg.com/@aws-sdk/client-sso/-/client-sso-3.338.0.tgz#a65301eafb61f308589f17b9769e2e62d7f022dd"
    integrity sha512-EglKsGlVph65PuFPKq1nGlxsY99XM2xHJaB1uX0bQEC94qrmS/M4a5kno5tiUnTWO1K+K4JBQiOxdGJs0GUS+w==
    dependencies:
      "@aws-crypto/sha256-browser" "3.0.0"
      "@aws-crypto/sha256-js" "3.0.0"
      "@aws-sdk/config-resolver" "3.338.0"
      "@aws-sdk/fetch-http-handler" "3.338.0"
      "@aws-sdk/hash-node" "3.338.0"
      "@aws-sdk/invalid-dependency" "3.338.0"
      "@aws-sdk/middleware-content-length" "3.338.0"
      "@aws-sdk/middleware-endpoint" "3.338.0"
      "@aws-sdk/middleware-host-header" "3.338.0"
      "@aws-sdk/middleware-logger" "3.338.0"
      "@aws-sdk/middleware-recursion-detection" "3.338.0"
      "@aws-sdk/middleware-retry" "3.338.0"
      "@aws-sdk/middleware-serde" "3.338.0"
      "@aws-sdk/middleware-stack" "3.338.0"
      "@aws-sdk/middleware-user-agent" "3.338.0"
      "@aws-sdk/node-config-provider" "3.338.0"
      "@aws-sdk/node-http-handler" "3.338.0"
      "@aws-sdk/smithy-client" "3.338.0"
      "@aws-sdk/types" "3.338.0"
      "@aws-sdk/url-parser" "3.338.0"
      "@aws-sdk/util-base64" "3.310.0"
      "@aws-sdk/util-body-length-browser" "3.310.0"
      "@aws-sdk/util-body-length-node" "3.310.0"
      "@aws-sdk/util-defaults-mode-browser" "3.338.0"
      "@aws-sdk/util-defaults-mode-node" "3.338.0"
      "@aws-sdk/util-endpoints" "3.338.0"
      "@aws-sdk/util-retry" "3.338.0"
      "@aws-sdk/util-user-agent-browser" "3.338.0"
      "@aws-sdk/util-user-agent-node" "3.338.0"
      "@aws-sdk/util-utf8" "3.310.0"
      "@smithy/protocol-http" "^1.0.1"
      "@smithy/types" "^1.0.0"
      tslib "^2.5.0"
  
  "@aws-sdk/client-sts@3.338.0":
    version "3.338.0"
    resolved "https://registry.yarnpkg.com/@aws-sdk/client-sts/-/client-sts-3.338.0.tgz#8e2d27b5cdf6af59c8144f8c0dc4602bd607f210"
    integrity sha512-FBHy/G7BAPX0CdEeeGYpoAnKXVCSIIkESLU2wF6x880z+U2IqiL48Fzoa5qoLaLPQaK/30P7ytznkqm4vd1OFw==
    dependencies:
      "@aws-crypto/sha256-browser" "3.0.0"
      "@aws-crypto/sha256-js" "3.0.0"
      "@aws-sdk/config-resolver" "3.338.0"
      "@aws-sdk/credential-provider-node" "3.338.0"
      "@aws-sdk/fetch-http-handler" "3.338.0"
      "@aws-sdk/hash-node" "3.338.0"
      "@aws-sdk/invalid-dependency" "3.338.0"
      "@aws-sdk/middleware-content-length" "3.338.0"
      "@aws-sdk/middleware-endpoint" "3.338.0"
      "@aws-sdk/middleware-host-header" "3.338.0"
      "@aws-sdk/middleware-logger" "3.338.0"
      "@aws-sdk/middleware-recursion-detection" "3.338.0"
      "@aws-sdk/middleware-retry" "3.338.0"
      "@aws-sdk/middleware-sdk-sts" "3.338.0"
      "@aws-sdk/middleware-serde" "3.338.0"
      "@aws-sdk/middleware-signing" "3.338.0"
      "@aws-sdk/middleware-stack" "3.338.0"
      "@aws-sdk/middleware-user-agent" "3.338.0"
      "@aws-sdk/node-config-provider" "3.338.0"
      "@aws-sdk/node-http-handler" "3.338.0"
      "@aws-sdk/smithy-client" "3.338.0"
      "@aws-sdk/types" "3.338.0"
      "@aws-sdk/url-parser" "3.338.0"
      "@aws-sdk/util-base64" "3.310.0"
      "@aws-sdk/util-body-length-browser" "3.310.0"
      "@aws-sdk/util-body-length-node" "3.310.0"
      "@aws-sdk/util-defaults-mode-browser" "3.338.0"
      "@aws-sdk/util-defaults-mode-node" "3.338.0"
      "@aws-sdk/util-endpoints" "3.338.0"
      "@aws-sdk/util-retry" "3.338.0"
      "@aws-sdk/util-user-agent-browser" "3.338.0"
      "@aws-sdk/util-user-agent-node" "3.338.0"
      "@aws-sdk/util-utf8" "3.310.0"
      "@smithy/protocol-http" "^1.0.1"
      "@smithy/types" "^1.0.0"
      fast-xml-parser "4.1.2"
      tslib "^2.5.0"
  
  "@aws-sdk/config-resolver@3.338.0":
    version "3.338.0"
    resolved "https://registry.yarnpkg.com/@aws-sdk/config-resolver/-/config-resolver-3.338.0.tgz#fa698ff05bdabc3af42f571ac3a7e895b2a91f6a"
    integrity sha512-rB9WUaMfTB74Hd2mOiyPFR7Q1viT+w6SaDSR9SA1P8EeIg5H13FNdIKb736Z8/6QJhDj7whdyk1CTGV+DmXOOg==
    dependencies:
      "@aws-sdk/types" "3.338.0"
      "@aws-sdk/util-config-provider" "3.310.0"
      "@aws-sdk/util-middleware" "3.338.0"
      tslib "^2.5.0"
  
  "@aws-sdk/credential-provider-cognito-identity@3.338.0":
    version "3.338.0"
    resolved "https://registry.yarnpkg.com/@aws-sdk/credential-provider-cognito-identity/-/credential-provider-cognito-identity-3.338.0.tgz#17ade31bd6d1351125ab87e2bf5965231a0c8e6f"
    integrity sha512-kKkBt1qCKx+HspbMq7kd5Yz3jWRW5N1Tegs4cGbTFJH9qMJTyQMoS9GNRcFfzgNEA9sfpHxeTnBbwBw6Ca4S9g==
    dependencies:
      "@aws-sdk/client-cognito-identity" "3.338.0"
      "@aws-sdk/property-provider" "3.338.0"
      "@aws-sdk/types" "3.338.0"
      tslib "^2.5.0"
  
  "@aws-sdk/credential-provider-env@3.338.0":
    version "3.338.0"
    resolved "https://registry.yarnpkg.com/@aws-sdk/credential-provider-env/-/credential-provider-env-3.338.0.tgz#97d83054e36ce4adb5293b85a66d532d2e412182"
    integrity sha512-j14vApy80tpk87C3x3uBf1caQsuR8RdQ8iOW830H/AOhsa88XaZIB/NQSX7exaIKZa2RU0Vv2wIlGAA8ko7J6g==
    dependencies:
      "@aws-sdk/property-provider" "3.338.0"
      "@aws-sdk/types" "3.338.0"
      tslib "^2.5.0"
  
  "@aws-sdk/credential-provider-imds@3.338.0":
    version "3.338.0"
    resolved "https://registry.yarnpkg.com/@aws-sdk/credential-provider-imds/-/credential-provider-imds-3.338.0.tgz#4202049ee596c86f57e0464905c61482be2439c0"
    integrity sha512-qsqeywYfJevg5pgUUUBmm7pK1bckVrl091PZB2IliFdQVnDvI5GFLf4B0oZqjaLAzPG1gVtxRvqIve+tnP/+xA==
    dependencies:
      "@aws-sdk/node-config-provider" "3.338.0"
      "@aws-sdk/property-provider" "3.338.0"
      "@aws-sdk/types" "3.338.0"
      "@aws-sdk/url-parser" "3.338.0"
      tslib "^2.5.0"
  
  "@aws-sdk/credential-provider-ini@3.338.0":
    version "3.338.0"
    resolved "https://registry.yarnpkg.com/@aws-sdk/credential-provider-ini/-/credential-provider-ini-3.338.0.tgz#f21ba58225c1088dc57d7241b3cbc35f3b38cdd8"
    integrity sha512-UhgYgymT9sJiRm0peqP5EvtR4dXiS2Q2AuFgDUjBvDz8JaZlqafsIS4cfyGwTHV/xY6cdiMu5rCTe8hTyXsukQ==
    dependencies:
      "@aws-sdk/credential-provider-env" "3.338.0"
      "@aws-sdk/credential-provider-imds" "3.338.0"
      "@aws-sdk/credential-provider-process" "3.338.0"
      "@aws-sdk/credential-provider-sso" "3.338.0"
      "@aws-sdk/credential-provider-web-identity" "3.338.0"
      "@aws-sdk/property-provider" "3.338.0"
      "@aws-sdk/shared-ini-file-loader" "3.338.0"
      "@aws-sdk/types" "3.338.0"
      tslib "^2.5.0"
  
  "@aws-sdk/credential-provider-node@3.338.0":
    version "3.338.0"
    resolved "https://registry.yarnpkg.com/@aws-sdk/credential-provider-node/-/credential-provider-node-3.338.0.tgz#3a5414f77a744112a01f285896d5720ef86d62b8"
    integrity sha512-nZjaMRxJqX0EXMV9LA5IbRQI1pDGGZiPYX2KDfZ1Y9Gc1Y/vIZhHKOHGb1uKMAonlR076CsXlev4/tjC8SGGuw==
    dependencies:
      "@aws-sdk/credential-provider-env" "3.338.0"
      "@aws-sdk/credential-provider-imds" "3.338.0"
      "@aws-sdk/credential-provider-ini" "3.338.0"
      "@aws-sdk/credential-provider-process" "3.338.0"
      "@aws-sdk/credential-provider-sso" "3.338.0"
      "@aws-sdk/credential-provider-web-identity" "3.338.0"
      "@aws-sdk/property-provider" "3.338.0"
      "@aws-sdk/shared-ini-file-loader" "3.338.0"
      "@aws-sdk/types" "3.338.0"
      tslib "^2.5.0"
  
  "@aws-sdk/credential-provider-process@3.338.0":
    version "3.338.0"
    resolved "https://registry.yarnpkg.com/@aws-sdk/credential-provider-process/-/credential-provider-process-3.338.0.tgz#32eb4a9655f481f24986f9fb9d87a549d5515163"
    integrity sha512-5I1EgJxFFEg8xel2kInMpkdBKajUut0hR2fBajqCmK7Pflu8s0I2NKDots9a3YJagNrFJq38+EzoDcUvRrd2dg==
    dependencies:
      "@aws-sdk/property-provider" "3.338.0"
      "@aws-sdk/shared-ini-file-loader" "3.338.0"
      "@aws-sdk/types" "3.338.0"
      tslib "^2.5.0"
  
  "@aws-sdk/credential-provider-sso@3.338.0":
    version "3.338.0"
    resolved "https://registry.yarnpkg.com/@aws-sdk/credential-provider-sso/-/credential-provider-sso-3.338.0.tgz#55b827f2678dd2ac53b2fb134416a482e810a5a2"
    integrity sha512-fpzYHK17iF/uFkrm4cLg/utDVKSBTWNjAiNlE3GF6CaixBCwc0QBLKHk2nG4d1ZZeMVCbIUMS7eoqfR0LYc/yw==
    dependencies:
      "@aws-sdk/client-sso" "3.338.0"
      "@aws-sdk/property-provider" "3.338.0"
      "@aws-sdk/shared-ini-file-loader" "3.338.0"
      "@aws-sdk/token-providers" "3.338.0"
      "@aws-sdk/types" "3.338.0"
      tslib "^2.5.0"
  
  "@aws-sdk/credential-provider-web-identity@3.338.0":
    version "3.338.0"
    resolved "https://registry.yarnpkg.com/@aws-sdk/credential-provider-web-identity/-/credential-provider-web-identity-3.338.0.tgz#b71bb648f59440760b5c364d3f7269f2c8f1d42a"
    integrity sha512-kjT/P18jM1icwjYwr8wfY//T8lv2s81ms7OC7vgiSqckmQOxpVkdsep9d44ymSUXwopmotFP7M9gGnEHS6HwAA==
    dependencies:
      "@aws-sdk/property-provider" "3.338.0"
      "@aws-sdk/types" "3.338.0"
      tslib "^2.5.0"
  
  "@aws-sdk/credential-providers@^3.186.0":
    version "3.338.0"
    resolved "https://registry.yarnpkg.com/@aws-sdk/credential-providers/-/credential-providers-3.338.0.tgz#56172cec4f3079a6cf3f26f68ee4eaa12f625f38"
    integrity sha512-QQkWsR3fyq3N5eTvyKLgk1IO45SEM5+zIDqGqchG74AAhAzTHpiVZ3AOBZckaIAXKyHU3Fgy3gt/u+fdXC4xyw==
    dependencies:
      "@aws-sdk/client-cognito-identity" "3.338.0"
      "@aws-sdk/client-sso" "3.338.0"
      "@aws-sdk/client-sts" "3.338.0"
      "@aws-sdk/credential-provider-cognito-identity" "3.338.0"
      "@aws-sdk/credential-provider-env" "3.338.0"
      "@aws-sdk/credential-provider-imds" "3.338.0"
      "@aws-sdk/credential-provider-ini" "3.338.0"
      "@aws-sdk/credential-provider-node" "3.338.0"
      "@aws-sdk/credential-provider-process" "3.338.0"
      "@aws-sdk/credential-provider-sso" "3.338.0"
      "@aws-sdk/credential-provider-web-identity" "3.338.0"
      "@aws-sdk/property-provider" "3.338.0"
      "@aws-sdk/types" "3.338.0"
      tslib "^2.5.0"
  
  "@aws-sdk/fetch-http-handler@3.338.0":
    version "3.338.0"
    resolved "https://registry.yarnpkg.com/@aws-sdk/fetch-http-handler/-/fetch-http-handler-3.338.0.tgz#7d27c3ffbb791f6d7f7508fbbc5826e4df279b93"
    integrity sha512-NOIQmeSa51J2nFAzl99IjxwQkq27cdNJzF59jQWzpUCGbxXfMD4WWy2NHubabSFuJ4FJU2eyoQHUNUFc6/uxXA==
    dependencies:
      "@aws-sdk/protocol-http" "3.338.0"
      "@aws-sdk/querystring-builder" "3.338.0"
      "@aws-sdk/types" "3.338.0"
      "@aws-sdk/util-base64" "3.310.0"
      tslib "^2.5.0"
  
  "@aws-sdk/hash-node@3.338.0":
    version "3.338.0"
    resolved "https://registry.yarnpkg.com/@aws-sdk/hash-node/-/hash-node-3.338.0.tgz#f7ab49ac7c09e0f80b2abeca2180d6010140fef1"
    integrity sha512-udveX3ZRO1oUbyBTQH0LJ8Ika7uk0pHuXrqapdi66GGRJB50IhmOg372zUEwZjDB7DZYXfGTCuAj2OoEalgpBA==
    dependencies:
      "@aws-sdk/types" "3.338.0"
      "@aws-sdk/util-buffer-from" "3.310.0"
      "@aws-sdk/util-utf8" "3.310.0"
      tslib "^2.5.0"
  
  "@aws-sdk/invalid-dependency@3.338.0":
    version "3.338.0"
    resolved "https://registry.yarnpkg.com/@aws-sdk/invalid-dependency/-/invalid-dependency-3.338.0.tgz#0f0a2a14474c936066e0e2404fd76a9d2d14a92b"
    integrity sha512-m6r1fTTGSl0V6l8Z+Ii4Ei8VFpDmu0AT6A59ZhJaMZgxf925ywuCPydyDW9ZqTLE0e7CgxhEHEsH1+HzpVuHTw==
    dependencies:
      "@aws-sdk/types" "3.338.0"
      tslib "^2.5.0"
  
  "@aws-sdk/is-array-buffer@3.310.0":
    version "3.310.0"
    resolved "https://registry.yarnpkg.com/@aws-sdk/is-array-buffer/-/is-array-buffer-3.310.0.tgz#f87a79f1b858c88744f07e8d8d0a791df204017e"
    integrity sha512-urnbcCR+h9NWUnmOtet/s4ghvzsidFmspfhYaHAmSRdy9yDjdjBJMFjjsn85A1ODUktztm+cVncXjQ38WCMjMQ==
    dependencies:
      tslib "^2.5.0"
  
  "@aws-sdk/middleware-content-length@3.338.0":
    version "3.338.0"
    resolved "https://registry.yarnpkg.com/@aws-sdk/middleware-content-length/-/middleware-content-length-3.338.0.tgz#027e2f4a5cb7d5afa3cd992191a84634c78e3df7"
    integrity sha512-m2C+yJaNmbA3ocBp/7ImUUuimymV5JsFdV7yAibpbYMX22g3q83nieOF9x0I66J0+h+/bcriz/T1ZJAPANLz/g==
    dependencies:
      "@aws-sdk/protocol-http" "3.338.0"
      "@aws-sdk/types" "3.338.0"
      tslib "^2.5.0"
  
  "@aws-sdk/middleware-endpoint@3.338.0":
    version "3.338.0"
    resolved "https://registry.yarnpkg.com/@aws-sdk/middleware-endpoint/-/middleware-endpoint-3.338.0.tgz#5cde32cc018aaef97f634edef7cc5c0d64c3c1b6"
    integrity sha512-bzL9Q8lFidg2NTjGVGDKI6yPG/XiPS+VIAMHJeihQmcv1alIy+N3IL4bEN15Fg+cwaGm+P3BevcLIHmcCOVb4w==
    dependencies:
      "@aws-sdk/middleware-serde" "3.338.0"
      "@aws-sdk/types" "3.338.0"
      "@aws-sdk/url-parser" "3.338.0"
      "@aws-sdk/util-middleware" "3.338.0"
      tslib "^2.5.0"
  
  "@aws-sdk/middleware-host-header@3.338.0":
    version "3.338.0"
    resolved "https://registry.yarnpkg.com/@aws-sdk/middleware-host-header/-/middleware-host-header-3.338.0.tgz#0c872f85b3995e6e124536600fa0b9b7d9187a20"
    integrity sha512-k3C7oppkrqeKrAJt9XIl45SdELtnph9BF0QypjyRfT5MNEDnMMsQkc6xy3ZMqG5dWQq6B2l8C+JL7pOvkSQP3w==
    dependencies:
      "@aws-sdk/protocol-http" "3.338.0"
      "@aws-sdk/types" "3.338.0"
      tslib "^2.5.0"
  
  "@aws-sdk/middleware-logger@3.338.0":
    version "3.338.0"
    resolved "https://registry.yarnpkg.com/@aws-sdk/middleware-logger/-/middleware-logger-3.338.0.tgz#d8bcb19c9b362ed8b6612635f6404875c022b595"
    integrity sha512-btj9U0Xovq/UAu3Ur4lAfF7Q3DvvwJ/0UUWsI6GgSzzqSOFgKCz7hCP2GZIT8aXEA5hJOpBOEMkNMjWPNa91Hg==
    dependencies:
      "@aws-sdk/types" "3.338.0"
      tslib "^2.5.0"
  
  "@aws-sdk/middleware-recursion-detection@3.338.0":
    version "3.338.0"
    resolved "https://registry.yarnpkg.com/@aws-sdk/middleware-recursion-detection/-/middleware-recursion-detection-3.338.0.tgz#2b9746c626a8a58a891af5964b418743d55ffb2d"
    integrity sha512-fu5KwiHHSqC8KTQH6xdJ9+dua4gQcXSFLE5fVsergqd0uVdsmhiI+IDfW6QNwF/lmCqnoKDkpeasuB98eG2tow==
    dependencies:
      "@aws-sdk/protocol-http" "3.338.0"
      "@aws-sdk/types" "3.338.0"
      tslib "^2.5.0"
  
  "@aws-sdk/middleware-retry@3.338.0":
    version "3.338.0"
    resolved "https://registry.yarnpkg.com/@aws-sdk/middleware-retry/-/middleware-retry-3.338.0.tgz#11aab11993cb1cf3654b0c73df854cd5a9204e12"
    integrity sha512-nw1oPFkB7TdDG4Vlz2Td47ft/2Gmx1bA18QfE9K1mMWZ4nnoAL8xnHbowlTfHo62+BbFCAPu53PzDUCncBL0iw==
    dependencies:
      "@aws-sdk/protocol-http" "3.338.0"
      "@aws-sdk/service-error-classification" "3.338.0"
      "@aws-sdk/types" "3.338.0"
      "@aws-sdk/util-middleware" "3.338.0"
      "@aws-sdk/util-retry" "3.338.0"
      tslib "^2.5.0"
      uuid "^8.3.2"
  
  "@aws-sdk/middleware-sdk-sts@3.338.0":
    version "3.338.0"
    resolved "https://registry.yarnpkg.com/@aws-sdk/middleware-sdk-sts/-/middleware-sdk-sts-3.338.0.tgz#671e1bba42806a42a8cb88f20d29655ac0bdd29d"
    integrity sha512-aZ8eFVaot8oYQri1wOesrA3gLizeAHtlA/ELlqxoGDJtO011J4/hTHTn0iJGbktaCvc1L3TF6mgOsgXpudYqMg==
    dependencies:
      "@aws-sdk/middleware-signing" "3.338.0"
      "@aws-sdk/types" "3.338.0"
      tslib "^2.5.0"
  
  "@aws-sdk/middleware-serde@3.338.0":
    version "3.338.0"
    resolved "https://registry.yarnpkg.com/@aws-sdk/middleware-serde/-/middleware-serde-3.338.0.tgz#d4fb684a39465615e52d99ca346b8f82e7e96101"
    integrity sha512-AabRLrE6sk9tqQlQ7z3kn4gTHNN7Anjk/AM0ZEu96WcWjedcpgM1vVpKTBE7vjnxcTRNq0CEM3GLtQqaZ7/HjQ==
    dependencies:
      "@aws-sdk/types" "3.338.0"
      tslib "^2.5.0"
  
  "@aws-sdk/middleware-signing@3.338.0":
    version "3.338.0"
    resolved "https://registry.yarnpkg.com/@aws-sdk/middleware-signing/-/middleware-signing-3.338.0.tgz#c1877ada8e9f7c0afa459b5b36cebf85a1a97ffa"
    integrity sha512-AprhhShMF75mOx80SABujLwrU/w2uHQIvWd6aF3BsE5JRI3uQZRqspfjFCaK52HNLQPj3sCQUw1GeiZJ8GyWCw==
    dependencies:
      "@aws-sdk/property-provider" "3.338.0"
      "@aws-sdk/protocol-http" "3.338.0"
      "@aws-sdk/signature-v4" "3.338.0"
      "@aws-sdk/types" "3.338.0"
      "@aws-sdk/util-middleware" "3.338.0"
      tslib "^2.5.0"
  
  "@aws-sdk/middleware-stack@3.338.0":
    version "3.338.0"
    resolved "https://registry.yarnpkg.com/@aws-sdk/middleware-stack/-/middleware-stack-3.338.0.tgz#ab923fc8ebeb5dc23874b357101a575daa1ada21"
    integrity sha512-9zXyiklX9AK9ZIXuIPzWzz2vevBEcnBs9UNIxiHl4NBZ8d8oyTvaES1PtFuwL6f7ANSZ9EGVQ2rdTTnMNxMI1A==
    dependencies:
      tslib "^2.5.0"
  
  "@aws-sdk/middleware-user-agent@3.338.0":
    version "3.338.0"
    resolved "https://registry.yarnpkg.com/@aws-sdk/middleware-user-agent/-/middleware-user-agent-3.338.0.tgz#25de08397fde96bbea0fa7dc7209ca95869aff64"
    integrity sha512-DMqODOsDMFMPcDw2Ya6a0i34AhaBDRpp3vJ+FK3zPxUIsv6iHA+XqEcXLOxROLLoydoyxus7k2U+EWibLZrFbQ==
    dependencies:
      "@aws-sdk/protocol-http" "3.338.0"
      "@aws-sdk/types" "3.338.0"
      "@aws-sdk/util-endpoints" "3.338.0"
      tslib "^2.5.0"
  
  "@aws-sdk/node-config-provider@3.338.0":
    version "3.338.0"
    resolved "https://registry.yarnpkg.com/@aws-sdk/node-config-provider/-/node-config-provider-3.338.0.tgz#930546e2d5494e51d8c645c6d364e8c4a2ae033c"
    integrity sha512-YO7yWg3ipnUI5u6D+Zn2NUpjj5krwc8zNWeY79ULVIp9g7faqGX3xMSjeRSrpZ83s5jg1dOm/+bB0gw7mCrRCw==
    dependencies:
      "@aws-sdk/property-provider" "3.338.0"
      "@aws-sdk/shared-ini-file-loader" "3.338.0"
      "@aws-sdk/types" "3.338.0"
      tslib "^2.5.0"
  
  "@aws-sdk/node-http-handler@3.338.0":
    version "3.338.0"
    resolved "https://registry.yarnpkg.com/@aws-sdk/node-http-handler/-/node-http-handler-3.338.0.tgz#3a7332ca68a08f72311ec99d64e7c5a0fcff1e64"
    integrity sha512-V1BLzCruiv45tJ0vXjiamY8LncIsUFsXYJGDupomFYhWRN8L1MUB9f2vdKn5X3wXn/yKrluwTmNaryrIqd9akA==
    dependencies:
      "@aws-sdk/abort-controller" "3.338.0"
      "@aws-sdk/protocol-http" "3.338.0"
      "@aws-sdk/querystring-builder" "3.338.0"
      "@aws-sdk/types" "3.338.0"
      tslib "^2.5.0"
  
  "@aws-sdk/property-provider@3.338.0":
    version "3.338.0"
    resolved "https://registry.yarnpkg.com/@aws-sdk/property-provider/-/property-provider-3.338.0.tgz#88b6f6be61d09f26277c1982bfd10f499870393d"
    integrity sha512-mC+ZJ738ipif6ZkH59gcipozYj1FOfpXr9pGVCA2hJGLDdaBwI2Jfpb2qCqbsTNtoCjBuIy+sQHGmUHyclgYHg==
    dependencies:
      "@aws-sdk/types" "3.338.0"
      tslib "^2.5.0"
  
  "@aws-sdk/protocol-http@3.338.0":
    version "3.338.0"
    resolved "https://registry.yarnpkg.com/@aws-sdk/protocol-http/-/protocol-http-3.338.0.tgz#0d3e20881dfb5a00daa246e79a2c0da0a088489b"
    integrity sha512-JX03Q2gshdzOWtA/07kdpk0hqeOrOfwuF8TB97g66VCcIopYQkCeNH1zzkWu+RsGxfSlzQ7up+ZM6sclYXyB1A==
    dependencies:
      "@aws-sdk/types" "3.338.0"
      tslib "^2.5.0"
  
  "@aws-sdk/querystring-builder@3.338.0":
    version "3.338.0"
    resolved "https://registry.yarnpkg.com/@aws-sdk/querystring-builder/-/querystring-builder-3.338.0.tgz#2f8668d3bfb1cf9c49876116a07902b17025da8f"
    integrity sha512-IB3YhO93Htwt2SxJx4VWsN57Rt1KEsvZ6PbneO4bcS96E04BlfBujYMZ+QxEM3EJxorhpkwbI2QnI12IjD8FhA==
    dependencies:
      "@aws-sdk/types" "3.338.0"
      "@aws-sdk/util-uri-escape" "3.310.0"
      tslib "^2.5.0"
  
  "@aws-sdk/querystring-parser@3.338.0":
    version "3.338.0"
    resolved "https://registry.yarnpkg.com/@aws-sdk/querystring-parser/-/querystring-parser-3.338.0.tgz#6b376b0b05b773d8ce8271a1d80593d1af94234c"
    integrity sha512-vtI8Gqx4yj0BZlWonRMgLz68sHt5H48HN+ClnY+fDDB/8KLnCuwZ3TGKmYIbYbshL9wjJz0A9aLzuC6nPQ5JKw==
    dependencies:
      "@aws-sdk/types" "3.338.0"
      tslib "^2.5.0"
  
  "@aws-sdk/service-error-classification@3.338.0":
    version "3.338.0"
    resolved "https://registry.yarnpkg.com/@aws-sdk/service-error-classification/-/service-error-classification-3.338.0.tgz#67d009b177fb03133fdfacbcd98b054dd34efbf0"
    integrity sha512-BJFr2mx/N3NbycGTlMMGRBc0tGcHXHEbMPy1H2RbejzL23zh27MchaL1WAK9SvwVMKS29hSDbhkuVR2ABRjerA==
  
  "@aws-sdk/shared-ini-file-loader@3.338.0":
    version "3.338.0"
    resolved "https://registry.yarnpkg.com/@aws-sdk/shared-ini-file-loader/-/shared-ini-file-loader-3.338.0.tgz#c443df5fea13fe42785c2dc93bec312aa32d803d"
    integrity sha512-MA1Sp97LFlOXcUaXgo47j86IsPRWYq1V/JqR+uu0zofZw4Xlt7Y6F+mmnDHvuuMy6R2ltzjXSwgrrW3k0bxFPA==
    dependencies:
      "@aws-sdk/types" "3.338.0"
      tslib "^2.5.0"
  
  "@aws-sdk/signature-v4@3.338.0":
    version "3.338.0"
    resolved "https://registry.yarnpkg.com/@aws-sdk/signature-v4/-/signature-v4-3.338.0.tgz#3d5402ee10027958c5271b390c0966683d681a53"
    integrity sha512-EwKTe/8Iwab/v0eo27w7DRYlqp9wEZEhuRfOMwTikUVH6iuTnW6AXjcIUfcRYBRbx2zqnRSiMAZkjN6ZFYm0bQ==
    dependencies:
      "@aws-sdk/is-array-buffer" "3.310.0"
      "@aws-sdk/types" "3.338.0"
      "@aws-sdk/util-hex-encoding" "3.310.0"
      "@aws-sdk/util-middleware" "3.338.0"
      "@aws-sdk/util-uri-escape" "3.310.0"
      "@aws-sdk/util-utf8" "3.310.0"
      tslib "^2.5.0"
  
  "@aws-sdk/smithy-client@3.338.0":
    version "3.338.0"
    resolved "https://registry.yarnpkg.com/@aws-sdk/smithy-client/-/smithy-client-3.338.0.tgz#fc391b1fd57e1c002cae2bc93db6e931312a6a59"
    integrity sha512-IpFLdLG8GwaiFdqVXf+WyU47Hfa2BMIupAU6iSkE2ZO0lBdg+efn/BBwis5WbBNTDCaaU0xH9y68SmnqqtD7pA==
    dependencies:
      "@aws-sdk/middleware-stack" "3.338.0"
      "@aws-sdk/types" "3.338.0"
      tslib "^2.5.0"
  
  "@aws-sdk/token-providers@3.338.0":
    version "3.338.0"
    resolved "https://registry.yarnpkg.com/@aws-sdk/token-providers/-/token-providers-3.338.0.tgz#7df35becb85bb689e0de51a0cad27f7978f3fb8a"
    integrity sha512-wuiEGcWiMeq5N68M489i2iGYcCad9p1btNEOFgus+JO3DRSA6HZXizLI1wqfbUm5Ei8512AvUKB6N8PMzahQsg==
    dependencies:
      "@aws-sdk/client-sso-oidc" "3.338.0"
      "@aws-sdk/property-provider" "3.338.0"
      "@aws-sdk/shared-ini-file-loader" "3.338.0"
      "@aws-sdk/types" "3.338.0"
      tslib "^2.5.0"
  
  "@aws-sdk/types@3.338.0", "@aws-sdk/types@^3.222.0":
    version "3.338.0"
    resolved "https://registry.yarnpkg.com/@aws-sdk/types/-/types-3.338.0.tgz#2b14c063f3be09d2465fe23fd2554ce2287fbeca"
    integrity sha512-hrNK15o+EObLrl9oWOyxJN2dwjgbdBMGolLEVP/wR/+M9ojHgk/x1kMsCVcV82a8Vgdtqx1TyOC3UugUPT0+NA==
    dependencies:
      tslib "^2.5.0"
  
  "@aws-sdk/url-parser@3.338.0":
    version "3.338.0"
    resolved "https://registry.yarnpkg.com/@aws-sdk/url-parser/-/url-parser-3.338.0.tgz#ef7bee904d55dc2a55a819028dec63d7e4c1128f"
    integrity sha512-x8a5swfZ6iWJZEA8rm99OKQ1A6xhWPP1taQUzoPavGCzPAOqyc8cd0FcXYMxvtXb3FeBhGaI8tiGKvelJro0+A==
    dependencies:
      "@aws-sdk/querystring-parser" "3.338.0"
      "@aws-sdk/types" "3.338.0"
      tslib "^2.5.0"
  
  "@aws-sdk/util-base64@3.310.0":
    version "3.310.0"
    resolved "https://registry.yarnpkg.com/@aws-sdk/util-base64/-/util-base64-3.310.0.tgz#d0fd49aff358c5a6e771d0001c63b1f97acbe34c"
    integrity sha512-v3+HBKQvqgdzcbL+pFswlx5HQsd9L6ZTlyPVL2LS9nNXnCcR3XgGz9jRskikRUuUvUXtkSG1J88GAOnJ/apTPg==
    dependencies:
      "@aws-sdk/util-buffer-from" "3.310.0"
      tslib "^2.5.0"
  
  "@aws-sdk/util-body-length-browser@3.310.0":
    version "3.310.0"
    resolved "https://registry.yarnpkg.com/@aws-sdk/util-body-length-browser/-/util-body-length-browser-3.310.0.tgz#3fca9d2f73c058edf1907e4a1d99a392fdd23eca"
    integrity sha512-sxsC3lPBGfpHtNTUoGXMQXLwjmR0zVpx0rSvzTPAuoVILVsp5AU/w5FphNPxD5OVIjNbZv9KsKTuvNTiZjDp9g==
    dependencies:
      tslib "^2.5.0"
  
  "@aws-sdk/util-body-length-node@3.310.0":
    version "3.310.0"
    resolved "https://registry.yarnpkg.com/@aws-sdk/util-body-length-node/-/util-body-length-node-3.310.0.tgz#4846ae72834ab0636f29f89fc1878520f6543fed"
    integrity sha512-2tqGXdyKhyA6w4zz7UPoS8Ip+7sayOg9BwHNidiGm2ikbDxm1YrCfYXvCBdwaJxa4hJfRVz+aL9e+d3GqPI9pQ==
    dependencies:
      tslib "^2.5.0"
  
  "@aws-sdk/util-buffer-from@3.310.0":
    version "3.310.0"
    resolved "https://registry.yarnpkg.com/@aws-sdk/util-buffer-from/-/util-buffer-from-3.310.0.tgz#7a72cb965984d3c6a7e256ae6cf1621f52e54a57"
    integrity sha512-i6LVeXFtGih5Zs8enLrt+ExXY92QV25jtEnTKHsmlFqFAuL3VBeod6boeMXkN2p9lbSVVQ1sAOOYZOHYbYkntw==
    dependencies:
      "@aws-sdk/is-array-buffer" "3.310.0"
      tslib "^2.5.0"
  
  "@aws-sdk/util-config-provider@3.310.0":
    version "3.310.0"
    resolved "https://registry.yarnpkg.com/@aws-sdk/util-config-provider/-/util-config-provider-3.310.0.tgz#ff21f73d4774cfd7bd16ae56f905828600dda95f"
    integrity sha512-xIBaYo8dwiojCw8vnUcIL4Z5tyfb1v3yjqyJKJWV/dqKUFOOS0U591plmXbM+M/QkXyML3ypon1f8+BoaDExrg==
    dependencies:
      tslib "^2.5.0"
  
  "@aws-sdk/util-defaults-mode-browser@3.338.0":
    version "3.338.0"
    resolved "https://registry.yarnpkg.com/@aws-sdk/util-defaults-mode-browser/-/util-defaults-mode-browser-3.338.0.tgz#6cdeec6c5f702a61cc4ce79471789162d0b39c4b"
    integrity sha512-Zfr5c7JKMJTfb7z+hgd0ioU5iw+wId6Cppc5V1HpZuS2YY4Mn3aJIixzyzhIoCzbmk/yIkf96981epM9eo3/TA==
    dependencies:
      "@aws-sdk/property-provider" "3.338.0"
      "@aws-sdk/types" "3.338.0"
      bowser "^2.11.0"
      tslib "^2.5.0"
  
  "@aws-sdk/util-defaults-mode-node@3.338.0":
    version "3.338.0"
    resolved "https://registry.yarnpkg.com/@aws-sdk/util-defaults-mode-node/-/util-defaults-mode-node-3.338.0.tgz#cb87b039f90d124e70a53769ae1ebbce6d253f3c"
    integrity sha512-DFM3BSpSetshZTgTjueCkAYZWS0tn5zl7SjkSpFhWQZ8Tt/Df3/DEjcPvxzmC/5vgYSUXNsqcI7lLAJk9aGZAA==
    dependencies:
      "@aws-sdk/config-resolver" "3.338.0"
      "@aws-sdk/credential-provider-imds" "3.338.0"
      "@aws-sdk/node-config-provider" "3.338.0"
      "@aws-sdk/property-provider" "3.338.0"
      "@aws-sdk/types" "3.338.0"
      tslib "^2.5.0"
  
  "@aws-sdk/util-endpoints@3.338.0":
    version "3.338.0"
    resolved "https://registry.yarnpkg.com/@aws-sdk/util-endpoints/-/util-endpoints-3.338.0.tgz#f54c09b06daa8dd1bd96e479ebda3b21492631ea"
    integrity sha512-0gBQcohbNcBsBR7oyaD0Dg2m6qOmfp0G1iN/NM23gwAr2H3ni8tUXfs1HsZzxikOwUr6dSLASokc30vQXBF44A==
    dependencies:
      "@aws-sdk/types" "3.338.0"
      tslib "^2.5.0"
  
  "@aws-sdk/util-hex-encoding@3.310.0":
    version "3.310.0"
    resolved "https://registry.yarnpkg.com/@aws-sdk/util-hex-encoding/-/util-hex-encoding-3.310.0.tgz#19294c78986c90ae33f04491487863dc1d33bd87"
    integrity sha512-sVN7mcCCDSJ67pI1ZMtk84SKGqyix6/0A1Ab163YKn+lFBQRMKexleZzpYzNGxYzmQS6VanP/cfU7NiLQOaSfA==
    dependencies:
      tslib "^2.5.0"
  
  "@aws-sdk/util-locate-window@^3.0.0":
    version "3.310.0"
    resolved "https://registry.yarnpkg.com/@aws-sdk/util-locate-window/-/util-locate-window-3.310.0.tgz#b071baf050301adee89051032bd4139bba32cc40"
    integrity sha512-qo2t/vBTnoXpjKxlsC2e1gBrRm80M3bId27r0BRB2VniSSe7bL1mmzM+/HFtujm0iAxtPM+aLEflLJlJeDPg0w==
    dependencies:
      tslib "^2.5.0"
  
  "@aws-sdk/util-middleware@3.338.0":
    version "3.338.0"
    resolved "https://registry.yarnpkg.com/@aws-sdk/util-middleware/-/util-middleware-3.338.0.tgz#3b405eba916285a7764885376e0d16f973efdf98"
    integrity sha512-oQuAmhi16HWEqVa+Nq4VD4Ymet9vS+uiW92reaagQrW2QFjAgJW9A6pU0PcIHF9sWY1iDKeNdV5b9odQ45PDJA==
    dependencies:
      tslib "^2.5.0"
  
  "@aws-sdk/util-retry@3.338.0":
    version "3.338.0"
    resolved "https://registry.yarnpkg.com/@aws-sdk/util-retry/-/util-retry-3.338.0.tgz#c71c8a52033a619896296c532246f67703ef9ef9"
    integrity sha512-diR6M3gJgSgBg/87L2e8iF8urG+LOW9ZGWxhntYpYX4uhiIjwNgUPUa993553C8GIOZDHez5X9ExU4asYGQ71Q==
    dependencies:
      "@aws-sdk/service-error-classification" "3.338.0"
      tslib "^2.5.0"
  
  "@aws-sdk/util-uri-escape@3.310.0":
    version "3.310.0"
    resolved "https://registry.yarnpkg.com/@aws-sdk/util-uri-escape/-/util-uri-escape-3.310.0.tgz#9f942f09a715d8278875013a416295746b6085ba"
    integrity sha512-drzt+aB2qo2LgtDoiy/3sVG8w63cgLkqFIa2NFlGpUgHFWTXkqtbgf4L5QdjRGKWhmZsnqkbtL7vkSWEcYDJ4Q==
    dependencies:
      tslib "^2.5.0"
  
  "@aws-sdk/util-user-agent-browser@3.338.0":
    version "3.338.0"
    resolved "https://registry.yarnpkg.com/@aws-sdk/util-user-agent-browser/-/util-user-agent-browser-3.338.0.tgz#51d78d6fa7a071211260814aaa86bc24c7f7765c"
    integrity sha512-3e8D+SOtOQEtRtksOEF7EC26xPkuY6YK6biLgdtvR9JspK96rHk5eX1HEJeBJJqbxhyPaxpIw+OhWhnsrUS3hA==
    dependencies:
      "@aws-sdk/types" "3.338.0"
      bowser "^2.11.0"
      tslib "^2.5.0"
  
  "@aws-sdk/util-user-agent-node@3.338.0":
    version "3.338.0"
    resolved "https://registry.yarnpkg.com/@aws-sdk/util-user-agent-node/-/util-user-agent-node-3.338.0.tgz#e321e70da741356b348f4f0921a8bc94ad18320d"
    integrity sha512-rc+bC5KM9h25urRc+MXuViJkJ+qYG2NlCRw6xm2lSIvHFJTUjH1ZMO3mqNDYkGnQRbj0mmrVe+N77TJZGf3Q2Q==
    dependencies:
      "@aws-sdk/node-config-provider" "3.338.0"
      "@aws-sdk/types" "3.338.0"
      tslib "^2.5.0"
  
  "@aws-sdk/util-utf8-browser@^3.0.0":
    version "3.259.0"
    resolved "https://registry.yarnpkg.com/@aws-sdk/util-utf8-browser/-/util-utf8-browser-3.259.0.tgz#3275a6f5eb334f96ca76635b961d3c50259fd9ff"
    integrity sha512-UvFa/vR+e19XookZF8RzFZBrw2EUkQWxiBW0yYQAhvk3C+QVGl0H3ouca8LDBlBfQKXwmW3huo/59H8rwb1wJw==
    dependencies:
      tslib "^2.3.1"
  
  "@aws-sdk/util-utf8@3.310.0":
    version "3.310.0"
    resolved "https://registry.yarnpkg.com/@aws-sdk/util-utf8/-/util-utf8-3.310.0.tgz#4a7b9dcebb88e830d3811aeb21e9a6df4273afb4"
    integrity sha512-DnLfFT8uCO22uOJc0pt0DsSNau1GTisngBCDw8jQuWT5CqogMJu4b/uXmwEqfj8B3GX6Xsz8zOd6JpRlPftQoA==
    dependencies:
      "@aws-sdk/util-buffer-from" "3.310.0"
      tslib "^2.5.0"
  
  "@smithy/protocol-http@^1.0.1":
    version "1.0.1"
    resolved "https://registry.yarnpkg.com/@smithy/protocol-http/-/protocol-http-1.0.1.tgz#62fd73d73db285fd8e9a2287ed2904ac66e0d43f"
    integrity sha512-9OrEn0WfOVtBNYJUjUAn9AOiJ4lzERCJJ/JeZs8E6yajTGxBaFRxUnNBHiNqoDJVg076hY36UmEnPx7xXrvUSg==
    dependencies:
      "@smithy/types" "^1.0.0"
      tslib "^2.5.0"
  
  "@smithy/types@^1.0.0":
    version "1.0.0"
    resolved "https://registry.yarnpkg.com/@smithy/types/-/types-1.0.0.tgz#87ab6131fe5e19cbd4d383ffb94d2b806d027d38"
    integrity sha512-kc1m5wPBHQCTixwuaOh9vnak/iJm21DrSf9UK6yDE5S3mQQ4u11pqAUiKWnlrZnYkeLfAI9UEHj9OaMT1v5Umg==
    dependencies:
      tslib "^2.5.0"
  
  "@types/node@*":
    version "20.2.3"
    resolved "https://registry.yarnpkg.com/@types/node/-/node-20.2.3.tgz#b31eb300610c3835ac008d690de6f87e28f9b878"
    integrity sha512-pg9d0yC4rVNWQzX8U7xb4olIOFuuVL9za3bzMT2pu2SU0SNEi66i2qrvhE2qt0HvkhuCaWJu7pLNOt/Pj8BIrw==
  
  "@types/webidl-conversions@*":
    version "7.0.0"
    resolved "https://registry.yarnpkg.com/@types/webidl-conversions/-/webidl-conversions-7.0.0.tgz#2b8e60e33906459219aa587e9d1a612ae994cfe7"
    integrity sha512-xTE1E+YF4aWPJJeUzaZI5DRntlkY3+BCVJi0axFptnjGmAoWxkyREIh/XMrfxVLejwQxMCfDXdICo0VLxThrog==
  
  "@types/whatwg-url@^8.2.1":
    version "8.2.2"
    resolved "https://registry.yarnpkg.com/@types/whatwg-url/-/whatwg-url-8.2.2.tgz#749d5b3873e845897ada99be4448041d4cc39e63"
    integrity sha512-FtQu10RWgn3D9U4aazdwIE2yzphmTJREDqNdODHrbrZmmMqI0vMheC/6NE/J1Yveaj8H+ela+YwWTjq5PGmuhA==
    dependencies:
      "@types/node" "*"
      "@types/webidl-conversions" "*"
  
  abbrev@1:
    version "1.1.1"
    resolved "https://registry.yarnpkg.com/abbrev/-/abbrev-1.1.1.tgz#f8f2c887ad10bf67f634f005b6987fed3179aac8"
    integrity sha512-nne9/IiQ/hzIhY6pdDnbBtz7DjPTKrY00P/zvPSm5pOFkl6xuGrGnXn/VtTNNfNtAfZ9/1RtehkszU9qcTii0Q==
  
  accepts@~1.3.8:
    version "1.3.8"
    resolved "https://registry.yarnpkg.com/accepts/-/accepts-1.3.8.tgz#0bf0be125b67014adcb0b0921e62db7bffe16b2e"
    integrity sha512-PYAthTa2m2VKxuvSD3DPC/Gy+U+sOA1LAuT8mkmRuvw+NACSaeXEQ+NHcVF7rONl6qcaxV3Uuemwawk+7+SJLw==
    dependencies:
      mime-types "~2.1.34"
      negotiator "0.6.3"
  
  ansi-styles@^4.1.0:
    version "4.3.0"
    resolved "https://registry.yarnpkg.com/ansi-styles/-/ansi-styles-4.3.0.tgz#edd803628ae71c04c85ae7a0906edad34b648937"
    integrity sha512-zbB9rCJAT1rbjiVDb2hqKFHNYLxgtk8NURxZ3IZwD3F6NtxbXZQCnnSi1Lkx+IDohdPlFp222wVALIheZJQSEg==
    dependencies:
      color-convert "^2.0.1"
  
  anymatch@~3.1.2:
    version "3.1.3"
    resolved "https://registry.yarnpkg.com/anymatch/-/anymatch-3.1.3.tgz#790c58b19ba1720a84205b57c618d5ad8524973e"
    integrity sha512-KMReFUr0B4t+D+OBkjR3KYqvocp2XaSzO55UcB6mgQMd3KbcE+mWTyvVV7D/zsdEbNnV6acZUutkiHQXvTr1Rw==
    dependencies:
      normalize-path "^3.0.0"
      picomatch "^2.0.4"
  
  array-flatten@1.1.1:
    version "1.1.1"
    resolved "https://registry.yarnpkg.com/array-flatten/-/array-flatten-1.1.1.tgz#9a5f699051b1e7073328f2a008968b64ea2955d2"
    integrity sha512-PCVAQswWemu6UdxsDFFX/+gVeYqKAod3D3UVm91jHwynguOwAvYPhx8nNlM++NqRcK6CxxpUafjmhIdKiHibqg==
  
  asn1.js@^5.4.1:
    version "5.4.1"
    resolved "https://registry.yarnpkg.com/asn1.js/-/asn1.js-5.4.1.tgz#11a980b84ebb91781ce35b0fdc2ee294e3783f07"
    integrity sha512-+I//4cYPccV8LdmBLiX8CYvf9Sp3vQsrqu2QNXRcrbiWvcx/UdlFiqUJJzxRQxgsZmvhXhn4cSKeSmoFjVdupA==
    dependencies:
      bn.js "^4.0.0"
      inherits "^2.0.1"
      minimalistic-assert "^1.0.0"
      safer-buffer "^2.1.0"
  
  async@^3.2.3:
    version "3.2.4"
    resolved "https://registry.yarnpkg.com/async/-/async-3.2.4.tgz#2d22e00f8cddeb5fde5dd33522b56d1cf569a81c"
    integrity sha512-iAB+JbDEGXhyIUavoDl9WP/Jj106Kz9DEn1DPgYw5ruDn0e3Wgi3sKFm55sASdGBNOQB8F59d9qQ7deqrHA8wQ==
  
  asynckit@^0.4.0:
    version "0.4.0"
    resolved "https://registry.yarnpkg.com/asynckit/-/asynckit-0.4.0.tgz#c79ed97f7f34cb8f2ba1bc9790bcc366474b4b79"
    integrity sha512-Oei9OH4tRh0YqU3GxhX79dM/mwVgvbZJaSNaRk+bshkj0S5cfHcgYakreBjrHwatXKbz+IoIdYLxrKim2MjW0Q==
  
  axios@^1.3.5:
    version "1.4.0"
    resolved "https://registry.yarnpkg.com/axios/-/axios-1.4.0.tgz#38a7bf1224cd308de271146038b551d725f0be1f"
    integrity sha512-S4XCWMEmzvo64T9GfvQDOXgYRDJ/wsSZc7Jvdgx5u1sd0JwsuPLqb3SYmusag+edF6ziyMensPVqLTSc1PiSEA==
    dependencies:
      follow-redirects "^1.15.0"
      form-data "^4.0.0"
      proxy-from-env "^1.1.0"
  
  balanced-match@^1.0.0:
    version "1.0.2"
    resolved "https://registry.yarnpkg.com/balanced-match/-/balanced-match-1.0.2.tgz#e83e3a7e3f300b34cb9d87f615fa0cbf357690ee"
    integrity sha512-3oSeUO0TMV67hN1AmbXsK4yaqU7tjiHlbxRDZOpH0KW9+CeX4bRAaX0Anxt0tx2MrpRpWwQaPwIlISEJhYU5Pw==
  
  base64-js@^1.3.1:
    version "1.5.1"
    resolved "https://registry.yarnpkg.com/base64-js/-/base64-js-1.5.1.tgz#1b1b440160a5bf7ad40b650f095963481903930a"
    integrity sha512-AKpaYlHn8t4SVbOHCy+b5+KKgvR4vrsD8vbvrbiQJps7fKDTkjkDry6ji0rUJjC0kzbNePLwzxq8iypo41qeWA==
  
  basic-auth@~2.0.1:
    version "2.0.1"
    resolved "https://registry.yarnpkg.com/basic-auth/-/basic-auth-2.0.1.tgz#b998279bf47ce38344b4f3cf916d4679bbf51e3a"
    integrity sha512-NF+epuEdnUYVlGuhaxbbq+dvJttwLnGY+YixlXlME5KpQ5W3CnXA5cVTneY3SPbPDRkcjMbifrwmFYcClgOZeg==
    dependencies:
      safe-buffer "5.1.2"
  
  binary-extensions@^2.0.0:
    version "2.2.0"
    resolved "https://registry.yarnpkg.com/binary-extensions/-/binary-extensions-2.2.0.tgz#75f502eeaf9ffde42fc98829645be4ea76bd9e2d"
    integrity sha512-jDctJ/IVQbZoJykoeHbhXpOlNBqGNcwXJKJog42E5HDPUwQTSdjCHdihjj0DlnheQ7blbT6dHOafNAiS8ooQKA==
  
  binary-search@^1.3.5:
    version "1.3.6"
    resolved "https://registry.yarnpkg.com/binary-search/-/binary-search-1.3.6.tgz#e32426016a0c5092f0f3598836a1c7da3560565c"
    integrity sha512-nbE1WxOTTrUWIfsfZ4aHGYu5DOuNkbxGokjV6Z2kxfJK3uaAb8zNK1muzOeipoLHZjInT4Br88BHpzevc681xA==
  
  bn.js@^4.0.0:
    version "4.12.0"
    resolved "https://registry.yarnpkg.com/bn.js/-/bn.js-4.12.0.tgz#775b3f278efbb9718eec7361f483fb36fbbfea88"
    integrity sha512-c98Bf3tPniI+scsdk237ku1Dc3ujXQTSgyiPUDEOe7tRkhrqridvh8klBv0HCEso1OLOYcHuCv/cS6DNxKH+ZA==
  
  body-parser@1.20.1:
    version "1.20.1"
    resolved "https://registry.yarnpkg.com/body-parser/-/body-parser-1.20.1.tgz#b1812a8912c195cd371a3ee5e66faa2338a5c668"
    integrity sha512-jWi7abTbYwajOytWCQc37VulmWiRae5RyTpaCyDcS5/lMdtwSz5lOpDE67srw/HYe35f1z3fDQw+3txg7gNtWw==
    dependencies:
      bytes "3.1.2"
      content-type "~1.0.4"
      debug "2.6.9"
      depd "2.0.0"
      destroy "1.2.0"
      http-errors "2.0.0"
      iconv-lite "0.4.24"
      on-finished "2.4.1"
      qs "6.11.0"
      raw-body "2.5.1"
      type-is "~1.6.18"
      unpipe "1.0.0"
  
  body-parser@^1.20.1:
    version "1.20.2"
    resolved "https://registry.yarnpkg.com/body-parser/-/body-parser-1.20.2.tgz#6feb0e21c4724d06de7ff38da36dad4f57a747fd"
    integrity sha512-ml9pReCu3M61kGlqoTm2umSXTlRTuGTx0bfYj+uIUKKYycG5NtSbeetV3faSU6R7ajOPw0g/J1PvK4qNy7s5bA==
    dependencies:
      bytes "3.1.2"
      content-type "~1.0.5"
      debug "2.6.9"
      depd "2.0.0"
      destroy "1.2.0"
      http-errors "2.0.0"
      iconv-lite "0.4.24"
      on-finished "2.4.1"
      qs "6.11.0"
      raw-body "2.5.2"
      type-is "~1.6.18"
      unpipe "1.0.0"
  
  bowser@^2.11.0:
    version "2.11.0"
    resolved "https://registry.yarnpkg.com/bowser/-/bowser-2.11.0.tgz#5ca3c35757a7aa5771500c70a73a9f91ef420a8f"
    integrity sha512-AlcaJBi/pqqJBIQ8U9Mcpc9i8Aqxn88Skv5d+xBX006BY5u8N3mGLHa5Lgppa7L/HfwgwLgZ6NYs+Ag6uUmJRA==
  
  brace-expansion@^1.1.7:
    version "1.1.11"
    resolved "https://registry.yarnpkg.com/brace-expansion/-/brace-expansion-1.1.11.tgz#3c7fcbf529d87226f3d2f52b966ff5271eb441dd"
    integrity sha512-iCuPHDFgrHX7H2vEI/5xpz07zSHB00TpugqhmYtVmMO6518mCuRMoOYFldEBl0g187ufozdaHgWKcYFb61qGiA==
    dependencies:
      balanced-match "^1.0.0"
      concat-map "0.0.1"
  
  brace-expansion@^2.0.1:
    version "2.0.1"
    resolved "https://registry.yarnpkg.com/brace-expansion/-/brace-expansion-2.0.1.tgz#1edc459e0f0c548486ecf9fc99f2221364b9a0ae"
    integrity sha512-XnAIvQ8eM+kC6aULx6wuQiwVsnzsi9d3WxzV3FpWTGA19F621kwdbsAcFKXgKUHZWsy+mY6iL1sHTxWEFCytDA==
    dependencies:
      balanced-match "^1.0.0"
  
  braces@~3.0.2:
    version "3.0.2"
    resolved "https://registry.yarnpkg.com/braces/-/braces-3.0.2.tgz#3454e1a462ee8d599e236df336cd9ea4f8afe107"
    integrity sha512-b8um+L1RzM3WDSzvhm6gIz1yfTbBt6YTlcEKAvsmqCZZFw46z626lVj9j1yEPW33H5H+lBQpZMP1k8l+78Ha0A==
    dependencies:
      fill-range "^7.0.1"
  
  bson@^4.7.2:
    version "4.7.2"
    resolved "https://registry.yarnpkg.com/bson/-/bson-4.7.2.tgz#320f4ad0eaf5312dd9b45dc369cc48945e2a5f2e"
    integrity sha512-Ry9wCtIZ5kGqkJoi6aD8KjxFZEx78guTQDnpXWiNthsxzrxAK/i8E6pCHAIZTbaEFWcOCvbecMukfK7XUvyLpQ==
    dependencies:
      buffer "^5.6.0"
  
  buffer@^5.6.0:
    version "5.7.1"
    resolved "https://registry.yarnpkg.com/buffer/-/buffer-5.7.1.tgz#ba62e7c13133053582197160851a8f648e99eed0"
    integrity sha512-EHcyIPBQ4BSGlvjB16k5KgAJ27CIsHY/2JBmCRReo48y9rQ3MaUzWX3KVlBa4U7MyX02HdVj0K7C3WaB3ju7FQ==
    dependencies:
      base64-js "^1.3.1"
      ieee754 "^1.1.13"
  
  bytes@3.1.2:
    version "3.1.2"
    resolved "https://registry.yarnpkg.com/bytes/-/bytes-3.1.2.tgz#8b0beeb98605adf1b128fa4386403c009e0221a5"
    integrity sha512-/Nf7TyzTx6S3yRJObOAV7956r8cr2+Oj8AC5dt8wSP3BQAoeX58NoHyCU8P8zGkNXStjTSi6fzO6F0pBdcYbEg==
  
  call-bind@^1.0.0:
    version "1.0.2"
    resolved "https://registry.yarnpkg.com/call-bind/-/call-bind-1.0.2.tgz#b1d4e89e688119c3c9a903ad30abb2f6a919be3c"
    integrity sha512-7O+FbCihrB5WGbFYesctwmTKae6rOiIzmz1icreWJ+0aA7LJfuqhEso2T9ncpcFtzMQtzXf2QGGueWJGTYsqrA==
    dependencies:
      function-bind "^1.1.1"
      get-intrinsic "^1.0.2"
  
  chalk@^4.0.2:
    version "4.1.2"
    resolved "https://registry.yarnpkg.com/chalk/-/chalk-4.1.2.tgz#aac4e2b7734a740867aeb16bf02aad556a1e7a01"
    integrity sha512-oKnbhFyRIXpUuez8iBMmyEa4nbj4IOQyuhc/wy9kY7/WVPcwIO9VA668Pu8RkO7+0G76SLROeyw9CpQ061i4mA==
    dependencies:
      ansi-styles "^4.1.0"
      supports-color "^7.1.0"
  
  chokidar@^3.5.2:
    version "3.5.3"
    resolved "https://registry.yarnpkg.com/chokidar/-/chokidar-3.5.3.tgz#1cf37c8707b932bd1af1ae22c0432e2acd1903bd"
    integrity sha512-Dr3sfKRP6oTcjf2JmUmFJfeVMvXBdegxB0iVQ5eb2V10uFJUCAS8OByZdVAyVb8xXNz3GjjTgj9kLWsZTqE6kw==
    dependencies:
      anymatch "~3.1.2"
      braces "~3.0.2"
      glob-parent "~5.1.2"
      is-binary-path "~2.1.0"
      is-glob "~4.0.1"
      normalize-path "~3.0.0"
      readdirp "~3.6.0"
    optionalDependencies:
      fsevents "~2.3.2"
  
  color-convert@^2.0.1:
    version "2.0.1"
    resolved "https://registry.yarnpkg.com/color-convert/-/color-convert-2.0.1.tgz#72d3a68d598c9bdb3af2ad1e84f21d896abd4de3"
    integrity sha512-RRECPsj7iu/xb5oKYcsFHSppFNnsj/52OVTRKb4zP5onXwVF3zVmmToNcOfGC+CRDpfK/U584fMg38ZHCaElKQ==
    dependencies:
      color-name "~1.1.4"
  
  color-name@~1.1.4:
    version "1.1.4"
    resolved "https://registry.yarnpkg.com/color-name/-/color-name-1.1.4.tgz#c2a09a87acbde69543de6f63fa3995c826c536a2"
    integrity sha512-dOy+3AuW3a2wNbZHIuMZpTcgjGuLU/uBL/ubcZF9OXbDo8ff4O8yVp5Bf0efS8uEoYo5q4Fx7dY9OgQGXgAsQA==
  
  combined-stream@^1.0.8:
    version "1.0.8"
    resolved "https://registry.yarnpkg.com/combined-stream/-/combined-stream-1.0.8.tgz#c3d45a8b34fd730631a110a8a2520682b31d5a7f"
    integrity sha512-FQN4MRfuJeHf7cBbBMJFXhKSDq+2kAArBlmRBvcvFE5BB1HZKXtSFASDhdlz9zOYwxh8lDdnvmMOe/+5cdoEdg==
    dependencies:
      delayed-stream "~1.0.0"
  
  concat-map@0.0.1:
    version "0.0.1"
    resolved "https://registry.yarnpkg.com/concat-map/-/concat-map-0.0.1.tgz#d8a96bd77fd68df7793a73036a3ba0d5405d477b"
    integrity sha512-/Srv4dswyQNBfohGpz9o6Yb3Gz3SrUDqBH5rTuhGR7ahtlbYKnVxw2bCFMRljaA7EXHaXZ8wsHdodFvbkhKmqg==
  
  connect-mongo@^5.0.0:
    version "5.0.0"
    resolved "https://registry.yarnpkg.com/connect-mongo/-/connect-mongo-5.0.0.tgz#2a902d293d369a4baff2e988634cda6f8c0bf721"
    integrity sha512-s93jiP6GkRApn5duComx6RLwtP23YrulPxShz+8peX7svd6Q+MS8nKLhKCCazbP92C13eTVaIOxgeLt0ezIiCg==
    dependencies:
      debug "^4.3.1"
      kruptein "^3.0.0"
  
  content-disposition@0.5.4:
    version "0.5.4"
    resolved "https://registry.yarnpkg.com/content-disposition/-/content-disposition-0.5.4.tgz#8b82b4efac82512a02bb0b1dcec9d2c5e8eb5bfe"
    integrity sha512-FveZTNuGw04cxlAiWbzi6zTAL/lhehaWbTtgluJh4/E95DqMwTmha3KZN1aAWA8cFIhHzMZUvLevkw5Rqk+tSQ==
    dependencies:
      safe-buffer "5.2.1"
  
  content-type@~1.0.4, content-type@~1.0.5:
    version "1.0.5"
    resolved "https://registry.yarnpkg.com/content-type/-/content-type-1.0.5.tgz#8b773162656d1d1086784c8f23a54ce6d73d7918"
    integrity sha512-nTjqfcBFEipKdXCv4YDQWCfmcLZKm81ldF0pAopTvyrFGVbcR6P/VAAd5G7N+0tTr8QqiU0tFadD6FK4NtJwOA==
  
  cookie-signature@1.0.6:
    version "1.0.6"
    resolved "https://registry.yarnpkg.com/cookie-signature/-/cookie-signature-1.0.6.tgz#e303a882b342cc3ee8ca513a79999734dab3ae2c"
    integrity sha512-QADzlaHc8icV8I7vbaJXJwod9HWYp8uCqf1xa4OfNu1T7JVxQIrUgOWtHdNDtPiywmFbiS12VjotIXLrKM3orQ==
  
  cookie@0.4.2:
    version "0.4.2"
    resolved "https://registry.yarnpkg.com/cookie/-/cookie-0.4.2.tgz#0e41f24de5ecf317947c82fc789e06a884824432"
    integrity sha512-aSWTXFzaKWkvHO1Ny/s+ePFpvKsPnjc551iI41v3ny/ow6tBG5Vd+FuqGNhh1LxOmVzOlGUriIlOaokOvhaStA==
  
  cookie@0.5.0:
    version "0.5.0"
    resolved "https://registry.yarnpkg.com/cookie/-/cookie-0.5.0.tgz#d1f5d71adec6558c58f389987c366aa47e994f8b"
    integrity sha512-YZ3GUyn/o8gfKJlnlX7g7xq4gyO6OSuhGPKaaGssGB2qgDUS0gPgtTvoyZLTt9Ab6dC4hfc9dV5arkvc/OCmrw==
  
  cors@^2.8.5:
    version "2.8.5"
    resolved "https://registry.yarnpkg.com/cors/-/cors-2.8.5.tgz#eac11da51592dd86b9f06f6e7ac293b3df875d29"
    integrity sha512-KIHbLJqu73RGr/hnbrO9uBeixNGuvSQjul/jdFvS/KFSIH1hWVd1ng7zOHx+YrEfInLG7q4n6GHQ9cDtxv/P6g==
    dependencies:
      object-assign "^4"
      vary "^1"
  
  debug@2.6.9:
    version "2.6.9"
    resolved "https://registry.yarnpkg.com/debug/-/debug-2.6.9.tgz#5d128515df134ff327e90a4c93f4e077a536341f"
    integrity sha512-bC7ElrdJaJnPbAP+1EotYvqZsb3ecl5wi6Bfi6BJTUcNowp6cvspg0jXznRTKDjm/E7AdgFBVeAPVMNcKGsHMA==
    dependencies:
      ms "2.0.0"
  
  debug@4.x, debug@^4.3.1:
    version "4.3.4"
    resolved "https://registry.yarnpkg.com/debug/-/debug-4.3.4.tgz#1319f6579357f2338d3337d2cdd4914bb5dcc865"
    integrity sha512-PRWFHuSU3eDtQJPvnNY7Jcket1j0t5OuOsFzPPzsekD52Zl8qUfFIPEiswXqIvHWGVHOgX+7G/vCNNhehwxfkQ==
    dependencies:
      ms "2.1.2"
  
  debug@^3.2.7:
    version "3.2.7"
    resolved "https://registry.yarnpkg.com/debug/-/debug-3.2.7.tgz#72580b7e9145fb39b6676f9c5e5fb100b934179a"
    integrity sha512-CFjzYYAi4ThfiQvizrFQevTTXHtnCqWfe7x1AhgEscTz6ZbLbfoLRLPugTQyBth6f8ZERVUSyWHFD/7Wu4t1XQ==
    dependencies:
      ms "^2.1.1"
  
  delayed-stream@~1.0.0:
    version "1.0.0"
    resolved "https://registry.yarnpkg.com/delayed-stream/-/delayed-stream-1.0.0.tgz#df3ae199acadfb7d440aaae0b29e2272b24ec619"
    integrity sha512-ZySD7Nf91aLB0RxL4KGrKHBXl7Eds1DAmEdcoVawXnLD7SDhpNgtuII2aAkg7a7QS41jxPSZ17p4VdGnMHk3MQ==
  
  depd@2.0.0, depd@~2.0.0:
    version "2.0.0"
    resolved "https://registry.yarnpkg.com/depd/-/depd-2.0.0.tgz#b696163cc757560d09cf22cc8fad1571b79e76df"
    integrity sha512-g7nH6P6dyDioJogAAGprGpCtVImJhpPk/roCzdb3fIh61/s/nPsfR6onyMwkCAR/OlC3yBC0lESvUoQEAssIrw==
  
  destroy@1.2.0:
    version "1.2.0"
    resolved "https://registry.yarnpkg.com/destroy/-/destroy-1.2.0.tgz#4803735509ad8be552934c67df614f94e66fa015"
    integrity sha512-2sJGJTaXIIaR1w4iJSNoN0hnMY7Gpc/n8D4qSCJw8QqFWXf7cuAgnEHxBpweaVcPevC2l3KpjYCx3NypQQgaJg==
  
  ee-first@1.1.1:
    version "1.1.1"
    resolved "https://registry.yarnpkg.com/ee-first/-/ee-first-1.1.1.tgz#590c61156b0ae2f4f0255732a158b266bc56b21d"
    integrity sha512-WMwm9LhRUo+WUaRN+vRuETqG89IgZphVSNkdFgeb6sS/E4OrDIN7t48CAewSHXc6C8lefD8KKfr5vY61brQlow==
  
  ejs@^3.1.8:
    version "3.1.9"
    resolved "https://registry.yarnpkg.com/ejs/-/ejs-3.1.9.tgz#03c9e8777fe12686a9effcef22303ca3d8eeb361"
    integrity sha512-rC+QVNMJWv+MtPgkt0y+0rVEIdbtxVADApW9JXrUVlzHetgcyczP/E7DJmWJ4fJCZF2cPcBk0laWO9ZHMG3DmQ==
    dependencies:
      jake "^10.8.5"
  
  encodeurl@~1.0.2:
    version "1.0.2"
    resolved "https://registry.yarnpkg.com/encodeurl/-/encodeurl-1.0.2.tgz#ad3ff4c86ec2d029322f5a02c3a9a606c95b3f59"
    integrity sha512-TPJXq8JqFaVYm2CWmPvnP2Iyo4ZSM7/QKcSmuMLDObfpH5fi7RUGmd/rTDf+rut/saiDiQEeVTNgAmJEdAOx0w==
  
  escape-html@~1.0.3:
    version "1.0.3"
    resolved "https://registry.yarnpkg.com/escape-html/-/escape-html-1.0.3.tgz#0258eae4d3d0c0974de1c169188ef0051d1d1988"
    integrity sha512-NiSupZ4OeuGwr68lGIeym/ksIZMJodUGOSCZ/FSnTxcrekbvqrgdUxlJOMpijaKZVjAJrWrGs/6Jy8OMuyj9ow==
  
  etag@~1.8.1:
    version "1.8.1"
    resolved "https://registry.yarnpkg.com/etag/-/etag-1.8.1.tgz#41ae2eeb65efa62268aebfea83ac7d79299b0887"
    integrity sha512-aIL5Fx7mawVa300al2BnEE4iNvo1qETxLrPI/o05L7z6go7fCw1J6EQmbK4FmJ2AS7kgVF/KEZWufBfdClMcPg==
  
  express-session@^1.17.3:
    version "1.17.3"
    resolved "https://registry.yarnpkg.com/express-session/-/express-session-1.17.3.tgz#14b997a15ed43e5949cb1d073725675dd2777f36"
    integrity sha512-4+otWXlShYlG1Ma+2Jnn+xgKUZTMJ5QD3YvfilX3AcocOAbIkVylSWEklzALe/+Pu4qV6TYBj5GwOBFfdKqLBw==
    dependencies:
      cookie "0.4.2"
      cookie-signature "1.0.6"
      debug "2.6.9"
      depd "~2.0.0"
      on-headers "~1.0.2"
      parseurl "~1.3.3"
      safe-buffer "5.2.1"
      uid-safe "~2.1.5"
  
  express@^4.18.2:
    version "4.18.2"
    resolved "https://registry.yarnpkg.com/express/-/express-4.18.2.tgz#3fabe08296e930c796c19e3c516979386ba9fd59"
    integrity sha512-5/PsL6iGPdfQ/lKM1UuielYgv3BUoJfz1aUwU9vHZ+J7gyvwdQXFEBIEIaxeGf0GIcreATNyBExtalisDbuMqQ==
    dependencies:
      accepts "~1.3.8"
      array-flatten "1.1.1"
      body-parser "1.20.1"
      content-disposition "0.5.4"
      content-type "~1.0.4"
      cookie "0.5.0"
      cookie-signature "1.0.6"
      debug "2.6.9"
      depd "2.0.0"
      encodeurl "~1.0.2"
      escape-html "~1.0.3"
      etag "~1.8.1"
      finalhandler "1.2.0"
      fresh "0.5.2"
      http-errors "2.0.0"
      merge-descriptors "1.0.1"
      methods "~1.1.2"
      on-finished "2.4.1"
      parseurl "~1.3.3"
      path-to-regexp "0.1.7"
      proxy-addr "~2.0.7"
      qs "6.11.0"
      range-parser "~1.2.1"
      safe-buffer "5.2.1"
      send "0.18.0"
      serve-static "1.15.0"
      setprototypeof "1.2.0"
      statuses "2.0.1"
      type-is "~1.6.18"
      utils-merge "1.0.1"
      vary "~1.1.2"
  
  fast-xml-parser@4.1.2:
    version "4.1.2"
    resolved "https://registry.yarnpkg.com/fast-xml-parser/-/fast-xml-parser-4.1.2.tgz#5a98c18238d28a57bbdfa9fe4cda01211fff8f4a"
    integrity sha512-CDYeykkle1LiA/uqQyNwYpFbyF6Axec6YapmpUP+/RHWIoR1zKjocdvNaTsxCxZzQ6v9MLXaSYm9Qq0thv0DHg==
    dependencies:
      strnum "^1.0.5"
  
  filelist@^1.0.4:
    version "1.0.4"
    resolved "https://registry.yarnpkg.com/filelist/-/filelist-1.0.4.tgz#f78978a1e944775ff9e62e744424f215e58352b5"
    integrity sha512-w1cEuf3S+DrLCQL7ET6kz+gmlJdbq9J7yXCSjK/OZCPA+qEN1WyF4ZAf0YYJa4/shHJra2t/d/r8SV4Ji+x+8Q==
    dependencies:
      minimatch "^5.0.1"
  
  fill-range@^7.0.1:
    version "7.0.1"
    resolved "https://registry.yarnpkg.com/fill-range/-/fill-range-7.0.1.tgz#1919a6a7c75fe38b2c7c77e5198535da9acdda40"
    integrity sha512-qOo9F+dMUmC2Lcb4BbVvnKJxTPjCm+RRpe4gDuGrzkL7mEVl/djYSu2OdQ2Pa302N4oqkSg9ir6jaLWJ2USVpQ==
    dependencies:
      to-regex-range "^5.0.1"
  
  finalhandler@1.2.0:
    version "1.2.0"
    resolved "https://registry.yarnpkg.com/finalhandler/-/finalhandler-1.2.0.tgz#7d23fe5731b207b4640e4fcd00aec1f9207a7b32"
    integrity sha512-5uXcUVftlQMFnWC9qu/svkWv3GTd2PfUhK/3PLkYNAe7FbqJMt3515HaxE6eRL74GdsriiwujiawdaB1BpEISg==
    dependencies:
      debug "2.6.9"
      encodeurl "~1.0.2"
      escape-html "~1.0.3"
      on-finished "2.4.1"
      parseurl "~1.3.3"
      statuses "2.0.1"
      unpipe "~1.0.0"
  
  follow-redirects@^1.15.0:
    version "1.15.2"
    resolved "https://registry.yarnpkg.com/follow-redirects/-/follow-redirects-1.15.2.tgz#b460864144ba63f2681096f274c4e57026da2c13"
    integrity sha512-VQLG33o04KaQ8uYi2tVNbdrWp1QWxNNea+nmIB4EVM28v0hmP17z7aG1+wAkNzVq4KeXTq3221ye5qTJP91JwA==
  
  form-data@^4.0.0:
    version "4.0.0"
    resolved "https://registry.yarnpkg.com/form-data/-/form-data-4.0.0.tgz#93919daeaf361ee529584b9b31664dc12c9fa452"
    integrity sha512-ETEklSGi5t0QMZuiXoA/Q6vcnxcLQP5vdugSpuAyi6SVGi2clPPp+xgEhuMaHC+zGgn31Kd235W35f7Hykkaww==
    dependencies:
      asynckit "^0.4.0"
      combined-stream "^1.0.8"
      mime-types "^2.1.12"
  
  forwarded@0.2.0:
    version "0.2.0"
    resolved "https://registry.yarnpkg.com/forwarded/-/forwarded-0.2.0.tgz#2269936428aad4c15c7ebe9779a84bf0b2a81811"
    integrity sha512-buRG0fpBtRHSTCOASe6hD258tEubFoRLb4ZNA6NxMVHNw2gOcwHo9wyablzMzOA5z9xA9L1KNjk/Nt6MT9aYow==
  
  fresh@0.5.2:
    version "0.5.2"
    resolved "https://registry.yarnpkg.com/fresh/-/fresh-0.5.2.tgz#3d8cadd90d976569fa835ab1f8e4b23a105605a7"
    integrity sha512-zJ2mQYM18rEFOudeV4GShTGIQ7RbzA7ozbU9I/XBpm7kqgMywgmylMwXHxZJmkVoYkna9d2pVXVXPdYTP9ej8Q==
  
  fsevents@~2.3.2:
    version "2.3.2"
    resolved "https://registry.yarnpkg.com/fsevents/-/fsevents-2.3.2.tgz#8a526f78b8fdf4623b709e0b975c52c24c02fd1a"
    integrity sha512-xiqMQR4xAeHTuB9uWm+fFRcIOgKBMiOBP+eXiyT7jsgVCq1bkVygt00oASowB7EdtpOHaaPgKt812P9ab+DDKA==
  
  function-bind@^1.1.1:
    version "1.1.1"
    resolved "https://registry.yarnpkg.com/function-bind/-/function-bind-1.1.1.tgz#a56899d3ea3c9bab874bb9773b7c5ede92f4895d"
    integrity sha512-yIovAzMX49sF8Yl58fSCWJ5svSLuaibPxXQJFLmBObTuCr0Mf1KiPopGM9NiFjiYBCbfaa2Fh6breQ6ANVTI0A==
  
  get-intrinsic@^1.0.2:
    version "1.2.1"
    resolved "https://registry.yarnpkg.com/get-intrinsic/-/get-intrinsic-1.2.1.tgz#d295644fed4505fc9cde952c37ee12b477a83d82"
    integrity sha512-2DcsyfABl+gVHEfCOaTrWgyt+tb6MSEGmKq+kI5HwLbIYgjgmMcV8KQ41uaKz1xxUcn9tJtgFbQUEVcEbd0FYw==
    dependencies:
      function-bind "^1.1.1"
      has "^1.0.3"
      has-proto "^1.0.1"
      has-symbols "^1.0.3"
  
  glob-parent@~5.1.2:
    version "5.1.2"
    resolved "https://registry.yarnpkg.com/glob-parent/-/glob-parent-5.1.2.tgz#869832c58034fe68a4093c17dc15e8340d8401c4"
    integrity sha512-AOIgSQCepiJYwP3ARnGx+5VnTu2HBYdzbGP45eLw1vr3zB3vZLeyed1sC9hnbcOc9/SrMyM5RPQrkGz4aS9Zow==
    dependencies:
      is-glob "^4.0.1"
  
  has-flag@^3.0.0:
    version "3.0.0"
    resolved "https://registry.yarnpkg.com/has-flag/-/has-flag-3.0.0.tgz#b5d454dc2199ae225699f3467e5a07f3b955bafd"
    integrity sha512-sKJf1+ceQBr4SMkvQnBDNDtf4TXpVhVGateu0t918bl30FnbE2m4vNLX+VWe/dpjlb+HugGYzW7uQXH98HPEYw==
  
  has-flag@^4.0.0:
    version "4.0.0"
    resolved "https://registry.yarnpkg.com/has-flag/-/has-flag-4.0.0.tgz#944771fd9c81c81265c4d6941860da06bb59479b"
    integrity sha512-EykJT/Q1KjTWctppgIAgfSO0tKVuZUjhgMr17kqTumMl6Afv3EISleU7qZUzoXDFTAHTDC4NOoG/ZxU3EvlMPQ==
  
  has-proto@^1.0.1:
    version "1.0.1"
    resolved "https://registry.yarnpkg.com/has-proto/-/has-proto-1.0.1.tgz#1885c1305538958aff469fef37937c22795408e0"
    integrity sha512-7qE+iP+O+bgF9clE5+UoBFzE65mlBiVj3tKCrlNQ0Ogwm0BjpT/gK4SlLYDMybDh5I3TCTKnPPa0oMG7JDYrhg==
  
  has-symbols@^1.0.3:
    version "1.0.3"
    resolved "https://registry.yarnpkg.com/has-symbols/-/has-symbols-1.0.3.tgz#bb7b2c4349251dce87b125f7bdf874aa7c8b39f8"
    integrity sha512-l3LCuF6MgDNwTDKkdYGEihYjt5pRPbEg46rtlmnSPlUbgmB8LOIrKJbYYFBSbnPaJexMKtiPO8hmeRjRz2Td+A==
  
  has@^1.0.3:
    version "1.0.3"
    resolved "https://registry.yarnpkg.com/has/-/has-1.0.3.tgz#722d7cbfc1f6aa8241f16dd814e011e1f41e8796"
    integrity sha512-f2dvO0VU6Oej7RkWJGrehjbzMAjFp5/VKPp5tTpWIV4JHHZK1/BxbFRtf/siA2SWTe09caDmVtYYzWEIbBS4zw==
    dependencies:
      function-bind "^1.1.1"
  
  http-errors@2.0.0:
    version "2.0.0"
    resolved "https://registry.yarnpkg.com/http-errors/-/http-errors-2.0.0.tgz#b7774a1486ef73cf7667ac9ae0858c012c57b9d3"
    integrity sha512-FtwrG/euBzaEjYeRqOgly7G0qviiXoJWnvEH2Z1plBdXgbyjv34pHTSb9zoeHMyDy33+DWy5Wt9Wo+TURtOYSQ==
    dependencies:
      depd "2.0.0"
      inherits "2.0.4"
      setprototypeof "1.2.0"
      statuses "2.0.1"
      toidentifier "1.0.1"
  
  iconv-lite@0.4.24:
    version "0.4.24"
    resolved "https://registry.yarnpkg.com/iconv-lite/-/iconv-lite-0.4.24.tgz#2022b4b25fbddc21d2f524974a474aafe733908b"
    integrity sha512-v3MXnZAcvnywkTUEZomIActle7RXXeedOR31wwl7VlyoXO4Qi9arvSenNQWne1TcRwhCL1HwLI21bEqdpj8/rA==
    dependencies:
      safer-buffer ">= 2.1.2 < 3"
  
  ieee754@^1.1.13:
    version "1.2.1"
    resolved "https://registry.yarnpkg.com/ieee754/-/ieee754-1.2.1.tgz#8eb7a10a63fff25d15a57b001586d177d1b0d352"
    integrity sha512-dcyqhDvX1C46lXZcVqCpK+FtMRQVdIMN6/Df5js2zouUsqG7I6sFxitIC+7KYK29KdXOLHdu9zL4sFnoVQnqaA==
  
  ignore-by-default@^1.0.1:
    version "1.0.1"
    resolved "https://registry.yarnpkg.com/ignore-by-default/-/ignore-by-default-1.0.1.tgz#48ca6d72f6c6a3af00a9ad4ae6876be3889e2b09"
    integrity sha512-Ius2VYcGNk7T90CppJqcIkS5ooHUZyIQK+ClZfMfMNFEF9VSE73Fq+906u/CWu92x4gzZMWOwfFYckPObzdEbA==
  
  inherits@2.0.4, inherits@^2.0.1:
    version "2.0.4"
    resolved "https://registry.yarnpkg.com/inherits/-/inherits-2.0.4.tgz#0fa2c64f932917c3433a0ded55363aae37416b7c"
    integrity sha512-k/vGaX4/Yla3WzyMCvTQOXYeIHvqOKtnqBduzTHpzpQZzAskKMhZ2K+EnBiSM9zGSoIFeMpXKxa4dYeZIQqewQ==
  
  ip@^2.0.0:
    version "2.0.0"
    resolved "https://registry.yarnpkg.com/ip/-/ip-2.0.0.tgz#4cf4ab182fee2314c75ede1276f8c80b479936da"
    integrity sha512-WKa+XuLG1A1R0UWhl2+1XQSi+fZWMsYKffMZTTYsiZaUD8k2yDAj5atimTUD2TZkyCkNEeYE5NhFZmupOGtjYQ==
  
  ipaddr.js@1.9.1:
    version "1.9.1"
    resolved "https://registry.yarnpkg.com/ipaddr.js/-/ipaddr.js-1.9.1.tgz#bff38543eeb8984825079ff3a2a8e6cbd46781b3"
    integrity sha512-0KI/607xoxSToH7GjN1FfSbLoU0+btTicjsQSWQlh/hZykN8KpmMf7uYwPW3R+akZ6R/w18ZlXSHBYXiYUPO3g==
  
  is-any-array@^2.0.0:
    version "2.0.1"
    resolved "https://registry.yarnpkg.com/is-any-array/-/is-any-array-2.0.1.tgz#9233242a9c098220290aa2ec28f82ca7fa79899e"
    integrity sha512-UtilS7hLRu++wb/WBAw9bNuP1Eg04Ivn1vERJck8zJthEvXCBEBpGR/33u/xLKWEQf95803oalHrVDptcAvFdQ==
  
  is-binary-path@~2.1.0:
    version "2.1.0"
    resolved "https://registry.yarnpkg.com/is-binary-path/-/is-binary-path-2.1.0.tgz#ea1f7f3b80f064236e83470f86c09c254fb45b09"
    integrity sha512-ZMERYes6pDydyuGidse7OsHxtbI7WVeUEozgR/g7rd0xUimYNlvZRE/K2MgZTjWy725IfelLeVcEM97mmtRGXw==
    dependencies:
      binary-extensions "^2.0.0"
  
  is-extglob@^2.1.1:
    version "2.1.1"
    resolved "https://registry.yarnpkg.com/is-extglob/-/is-extglob-2.1.1.tgz#a88c02535791f02ed37c76a1b9ea9773c833f8c2"
    integrity sha512-SbKbANkN603Vi4jEZv49LeVJMn4yGwsbzZworEoyEiutsN3nJYdbO36zfhGJ6QEDpOZIFkDtnq5JRxmvl3jsoQ==
  
  is-glob@^4.0.1, is-glob@~4.0.1:
    version "4.0.3"
    resolved "https://registry.yarnpkg.com/is-glob/-/is-glob-4.0.3.tgz#64f61e42cbbb2eec2071a9dac0b28ba1e65d5084"
    integrity sha512-xelSayHH36ZgE7ZWhli7pW34hNbNl8Ojv5KVmkJD4hBdD3th8Tfk9vYasLM+mXWOZhFkgZfxhLSnrwRr4elSSg==
    dependencies:
      is-extglob "^2.1.1"
  
  is-number@^7.0.0:
    version "7.0.0"
    resolved "https://registry.yarnpkg.com/is-number/-/is-number-7.0.0.tgz#7535345b896734d5f80c4d06c50955527a14f12b"
    integrity sha512-41Cifkg6e8TylSpdtTpeLVMqvSBEVzTttHvERD741+pnZ8ANv0004MRL43QKPDlK9cGvNp6NZWZUBlbGXYxxng==
  
  jake@^10.8.5:
    version "10.8.6"
    resolved "https://registry.yarnpkg.com/jake/-/jake-10.8.6.tgz#227a96786a1e035214e0ba84b482d6223d41ef04"
    integrity sha512-G43Ub9IYEFfu72sua6rzooi8V8Gz2lkfk48rW20vEWCGizeaEPlKB1Kh8JIA84yQbiAEfqlPmSpGgCKKxH3rDA==
    dependencies:
      async "^3.2.3"
      chalk "^4.0.2"
      filelist "^1.0.4"
      minimatch "^3.1.2"
  
  kareem@2.5.1:
    version "2.5.1"
    resolved "https://registry.yarnpkg.com/kareem/-/kareem-2.5.1.tgz#7b8203e11819a8e77a34b3517d3ead206764d15d"
    integrity sha512-7jFxRVm+jD+rkq3kY0iZDJfsO2/t4BBPeEb2qKn2lR/9KhuksYk5hxzfRYWMPV8P/x2d0kHD306YyWLzjjH+uA==
  
  kruptein@^3.0.0:
    version "3.0.6"
    resolved "https://registry.yarnpkg.com/kruptein/-/kruptein-3.0.6.tgz#9cf976225af4bc1fbeba069dbb24f17eebad974d"
    integrity sha512-EQJjTwAJfQkC4NfdQdo3HXM2a9pmBm8oidzH270cYu1MbgXPNPMJuldN7OPX+qdhPO5rw4X3/iKz0BFBfkXGKA==
    dependencies:
      asn1.js "^5.4.1"
  
  media-typer@0.3.0:
    version "0.3.0"
    resolved "https://registry.yarnpkg.com/media-typer/-/media-typer-0.3.0.tgz#8710d7af0aa626f8fffa1ce00168545263255748"
    integrity sha512-dq+qelQ9akHpcOl/gUVRTxVIOkAJ1wR3QAvb4RsVjS8oVoFjDGTc679wJYmUmknUF5HwMLOgb5O+a3KxfWapPQ==
  
  memory-pager@^1.0.2:
    version "1.5.0"
    resolved "https://registry.yarnpkg.com/memory-pager/-/memory-pager-1.5.0.tgz#d8751655d22d384682741c972f2c3d6dfa3e66b5"
    integrity sha512-ZS4Bp4r/Zoeq6+NLJpP+0Zzm0pR8whtGPf1XExKLJBAczGMnSi3It14OiNCStjQjM6NU1okjQGSxgEZN8eBYKg==
  
  merge-descriptors@1.0.1:
    version "1.0.1"
    resolved "https://registry.yarnpkg.com/merge-descriptors/-/merge-descriptors-1.0.1.tgz#b00aaa556dd8b44568150ec9d1b953f3f90cbb61"
    integrity sha512-cCi6g3/Zr1iqQi6ySbseM1Xvooa98N0w31jzUYrXPX2xqObmFGHJ0tQ5u74H3mVh7wLouTseZyYIq39g8cNp1w==
  
  methods@~1.1.2:
    version "1.1.2"
    resolved "https://registry.yarnpkg.com/methods/-/methods-1.1.2.tgz#5529a4d67654134edcc5266656835b0f851afcee"
    integrity sha512-iclAHeNqNm68zFtnZ0e+1L2yUIdvzNoauKU4WBA3VvH/vPFieF7qfRlwUZU+DA9P9bPXIS90ulxoUoCH23sV2w==
  
  mime-db@1.52.0:
    version "1.52.0"
    resolved "https://registry.yarnpkg.com/mime-db/-/mime-db-1.52.0.tgz#bbabcdc02859f4987301c856e3387ce5ec43bf70"
    integrity sha512-sPU4uV7dYlvtWJxwwxHD0PuihVNiE7TyAbQ5SWxDCB9mUYvOgroQOwYQQOKPJ8CIbE+1ETVlOoK1UC2nU3gYvg==
  
  mime-types@^2.1.12, mime-types@~2.1.24, mime-types@~2.1.34:
    version "2.1.35"
    resolved "https://registry.yarnpkg.com/mime-types/-/mime-types-2.1.35.tgz#381a871b62a734450660ae3deee44813f70d959a"
    integrity sha512-ZDY+bPm5zTTF+YpCrAU9nK0UgICYPT0QtT1NZWFv4s++TNkcgVaT0g6+4R2uI4MjQjzysHB1zxuWL50hzaeXiw==
    dependencies:
      mime-db "1.52.0"
  
  mime@1.6.0:
    version "1.6.0"
    resolved "https://registry.yarnpkg.com/mime/-/mime-1.6.0.tgz#32cd9e5c64553bd58d19a568af452acff04981b1"
    integrity sha512-x0Vn8spI+wuJ1O6S7gnbaQg8Pxh4NNHb7KSINmEWKiPE4RKOplvijn+NkmYmmRgP68mc70j2EbeTFRsrswaQeg==
  
  minimalistic-assert@^1.0.0:
    version "1.0.1"
    resolved "https://registry.yarnpkg.com/minimalistic-assert/-/minimalistic-assert-1.0.1.tgz#2e194de044626d4a10e7f7fbc00ce73e83e4d5c7"
    integrity sha512-UtJcAD4yEaGtjPezWuO9wC4nwUnVH/8/Im3yEHQP4b67cXlD/Qr9hdITCU1xDbSEXg2XKNaP8jsReV7vQd00/A==
  
  minimatch@^3.1.2:
    version "3.1.2"
    resolved "https://registry.yarnpkg.com/minimatch/-/minimatch-3.1.2.tgz#19cd194bfd3e428f049a70817c038d89ab4be35b"
    integrity sha512-J7p63hRiAjw1NDEww1W7i37+ByIrOWO5XQQAzZ3VOcL0PNybwpfmV/N05zFAzwQ9USyEcX6t3UO+K5aqBQOIHw==
    dependencies:
      brace-expansion "^1.1.7"
  
  minimatch@^5.0.1:
    version "5.1.6"
    resolved "https://registry.yarnpkg.com/minimatch/-/minimatch-5.1.6.tgz#1cfcb8cf5522ea69952cd2af95ae09477f122a96"
    integrity sha512-lKwV/1brpG6mBUFHtb7NUmtABCb2WZZmm2wNiOA5hAb8VdCS4B3dtMWyvcoViccwAW/COERjXLt0zP1zXUN26g==
    dependencies:
      brace-expansion "^2.0.1"
  
  ml-array-mean@^1.1.6:
    version "1.1.6"
    resolved "https://registry.yarnpkg.com/ml-array-mean/-/ml-array-mean-1.1.6.tgz#d951a700dc8e3a17b3e0a583c2c64abd0c619c56"
    integrity sha512-MIdf7Zc8HznwIisyiJGRH9tRigg3Yf4FldW8DxKxpCCv/g5CafTw0RRu51nojVEOXuCQC7DRVVu5c7XXO/5joQ==
    dependencies:
      ml-array-sum "^1.1.6"
  
  ml-array-sum@^1.1.6:
    version "1.1.6"
    resolved "https://registry.yarnpkg.com/ml-array-sum/-/ml-array-sum-1.1.6.tgz#d1d89c20793cd29c37b09d40e85681aa4515a955"
    integrity sha512-29mAh2GwH7ZmiRnup4UyibQZB9+ZLyMShvt4cH4eTK+cL2oEMIZFnSyB3SS8MlsTh6q/w/yh48KmqLxmovN4Dw==
    dependencies:
      is-any-array "^2.0.0"
  
  ml-distance-euclidean@^2.0.0:
    version "2.0.0"
    resolved "https://registry.yarnpkg.com/ml-distance-euclidean/-/ml-distance-euclidean-2.0.0.tgz#3a668d236649d1b8fec96380b9435c6f42c9a817"
    integrity sha512-yC9/2o8QF0A3m/0IXqCTXCzz2pNEzvmcE/9HFKOZGnTjatvBbsn4lWYJkxENkA4Ug2fnYl7PXQxnPi21sgMy/Q==
  
  ml-distance@^4.0.0:
    version "4.0.0"
    resolved "https://registry.yarnpkg.com/ml-distance/-/ml-distance-4.0.0.tgz#197c272abea03f13e1746e59a35be4491566bfdc"
    integrity sha512-zj7+UGZpHk3uL7n79XTfGNUjIGnhLn8xVvrxYvBHvXFxo3jq1q+/UjP311hZxnLVhbxbXCjUniThX8gozjacYA==
    dependencies:
      ml-array-mean "^1.1.6"
      ml-distance-euclidean "^2.0.0"
      ml-tree-similarity "^1.0.0"
  
  ml-tree-similarity@^1.0.0:
    version "1.0.0"
    resolved "https://registry.yarnpkg.com/ml-tree-similarity/-/ml-tree-similarity-1.0.0.tgz#24705a107e32829e24d945e87219e892159c53f0"
    integrity sha512-XJUyYqjSuUQkNQHMscr6tcjldsOoAekxADTplt40QKfwW6nd++1wHWV9AArl0Zvw/TIHgNaZZNvr8QGvE8wLRg==
    dependencies:
      binary-search "^1.3.5"
      num-sort "^2.0.0"
  
  mongodb-connection-string-url@^2.5.4:
    version "2.6.0"
    resolved "https://registry.yarnpkg.com/mongodb-connection-string-url/-/mongodb-connection-string-url-2.6.0.tgz#57901bf352372abdde812c81be47b75c6b2ec5cf"
    integrity sha512-WvTZlI9ab0QYtTYnuMLgobULWhokRjtC7db9LtcVfJ+Hsnyr5eo6ZtNAt3Ly24XZScGMelOcGtm7lSn0332tPQ==
    dependencies:
      "@types/whatwg-url" "^8.2.1"
      whatwg-url "^11.0.0"
  
  mongodb@4.16.0:
    version "4.16.0"
    resolved "https://registry.yarnpkg.com/mongodb/-/mongodb-4.16.0.tgz#8b0043de7b577c6a7e0ce44a2ca7315b9c0a7927"
    integrity sha512-0EB113Fsucaq1wsY0dOhi1fmZOwFtLOtteQkiqOXGklvWMnSH3g2QS53f0KTP+/6qOkuoXE2JksubSZNmxeI+g==
    dependencies:
      bson "^4.7.2"
      mongodb-connection-string-url "^2.5.4"
      socks "^2.7.1"
    optionalDependencies:
      "@aws-sdk/credential-providers" "^3.186.0"
      saslprep "^1.0.3"
  
  mongoose@^6.9.1:
    version "6.11.1"
    resolved "https://registry.yarnpkg.com/mongoose/-/mongoose-6.11.1.tgz#4abcfc747ad38b364a90488af781d054a8cbc242"
    integrity sha512-AvQ8C5ZGF6GcsQhoRg/i7pbNZpb96qLGU5ICBllckp7qMOxcfUF1nA6JstZw841BqRcE6myZ/mx9CluEESaw5Q==
    dependencies:
      bson "^4.7.2"
      kareem "2.5.1"
      mongodb "4.16.0"
      mpath "0.9.0"
      mquery "4.0.3"
      ms "2.1.3"
      sift "16.0.1"
  
  morgan@^1.10.0:
    version "1.10.0"
    resolved "https://registry.yarnpkg.com/morgan/-/morgan-1.10.0.tgz#091778abc1fc47cd3509824653dae1faab6b17d7"
    integrity sha512-AbegBVI4sh6El+1gNwvD5YIck7nSA36weD7xvIxG4in80j/UoK8AEGaWnnz8v1GxonMCltmlNs5ZKbGvl9b1XQ==
    dependencies:
      basic-auth "~2.0.1"
      debug "2.6.9"
      depd "~2.0.0"
      on-finished "~2.3.0"
      on-headers "~1.0.2"
  
  mpath@0.9.0:
    version "0.9.0"
    resolved "https://registry.yarnpkg.com/mpath/-/mpath-0.9.0.tgz#0c122fe107846e31fc58c75b09c35514b3871904"
    integrity sha512-ikJRQTk8hw5DEoFVxHG1Gn9T/xcjtdnOKIU1JTmGjZZlg9LST2mBLmcX3/ICIbgJydT2GOc15RnNy5mHmzfSew==
  
  mquery@4.0.3:
    version "4.0.3"
    resolved "https://registry.yarnpkg.com/mquery/-/mquery-4.0.3.tgz#4d15f938e6247d773a942c912d9748bd1965f89d"
    integrity sha512-J5heI+P08I6VJ2Ky3+33IpCdAvlYGTSUjwTPxkAr8i8EoduPMBX2OY/wa3IKZIQl7MU4SbFk8ndgSKyB/cl1zA==
    dependencies:
      debug "4.x"
  
  ms@2.0.0:
    version "2.0.0"
    resolved "https://registry.yarnpkg.com/ms/-/ms-2.0.0.tgz#5608aeadfc00be6c2901df5f9861788de0d597c8"
    integrity sha512-Tpp60P6IUJDTuOq/5Z8cdskzJujfwqfOTkrwIwj7IRISpnkJnT6SyJ4PCPnGMoFjC9ddhal5KVIYtAt97ix05A==
  
  ms@2.1.2:
    version "2.1.2"
    resolved "https://registry.yarnpkg.com/ms/-/ms-2.1.2.tgz#d09d1f357b443f493382a8eb3ccd183872ae6009"
    integrity sha512-sGkPx+VjMtmA6MX27oA4FBFELFCZZ4S4XqeGOXCv68tT+jb3vk/RyaKWP0PTKyWtmLSM0b+adUTEvbs1PEaH2w==
  
  ms@2.1.3, ms@^2.1.1:
    version "2.1.3"
    resolved "https://registry.yarnpkg.com/ms/-/ms-2.1.3.tgz#574c8138ce1d2b5861f0b44579dbadd60c6615b2"
    integrity sha512-6FlzubTLZG3J2a/NVCAleEhjzq5oxgHyaCU9yYXvcLsvoVaHJq/s5xXI6/XXP6tz7R9xAOtHnSO/tXtF3WRTlA==
  
  negotiator@0.6.3:
    version "0.6.3"
    resolved "https://registry.yarnpkg.com/negotiator/-/negotiator-0.6.3.tgz#58e323a72fedc0d6f9cd4d31fe49f51479590ccd"
    integrity sha512-+EUsqGPLsM+j/zdChZjsnX51g4XrHFOIXwfnCVPGlQk/k5giakcKsuxCObBRu6DSm9opw/O6slWbJdghQM4bBg==
  
  nodemon@^2.0.20:
    version "2.0.22"
    resolved "https://registry.yarnpkg.com/nodemon/-/nodemon-2.0.22.tgz#182c45c3a78da486f673d6c1702e00728daf5258"
    integrity sha512-B8YqaKMmyuCO7BowF1Z1/mkPqLk6cs/l63Ojtd6otKjMx47Dq1utxfRxcavH1I7VSaL8n5BUaoutadnsX3AAVQ==
    dependencies:
      chokidar "^3.5.2"
      debug "^3.2.7"
      ignore-by-default "^1.0.1"
      minimatch "^3.1.2"
      pstree.remy "^1.1.8"
      semver "^5.7.1"
      simple-update-notifier "^1.0.7"
      supports-color "^5.5.0"
      touch "^3.1.0"
      undefsafe "^2.0.5"
  
  nopt@~1.0.10:
    version "1.0.10"
    resolved "https://registry.yarnpkg.com/nopt/-/nopt-1.0.10.tgz#6ddd21bd2a31417b92727dd585f8a6f37608ebee"
    integrity sha512-NWmpvLSqUrgrAC9HCuxEvb+PSloHpqVu+FqcO4eeF2h5qYRhA7ev6KvelyQAKtegUbC6RypJnlEOhd8vloNKYg==
    dependencies:
      abbrev "1"
  
  normalize-path@^3.0.0, normalize-path@~3.0.0:
    version "3.0.0"
    resolved "https://registry.yarnpkg.com/normalize-path/-/normalize-path-3.0.0.tgz#0dcd69ff23a1c9b11fd0978316644a0388216a65"
    integrity sha512-6eZs5Ls3WtCisHWp9S2GUy8dqkpGi4BVSz3GaqiE6ezub0512ESztXUwUB6C6IKbQkY2Pnb/mD4WYojCRwcwLA==
  
  num-sort@^2.0.0:
    version "2.1.0"
    resolved "https://registry.yarnpkg.com/num-sort/-/num-sort-2.1.0.tgz#1cbb37aed071329fdf41151258bc011898577a9b"
    integrity sha512-1MQz1Ed8z2yckoBeSfkQHHO9K1yDRxxtotKSJ9yvcTUUxSvfvzEq5GwBrjjHEpMlq/k5gvXdmJ1SbYxWtpNoVg==
  
  object-assign@^4:
    version "4.1.1"
    resolved "https://registry.yarnpkg.com/object-assign/-/object-assign-4.1.1.tgz#2109adc7965887cfc05cbbd442cac8bfbb360863"
    integrity sha512-rJgTQnkUnH1sFw8yT6VSU3zD3sWmu6sZhIseY8VX+GRu3P6F7Fu+JNDoXfklElbLJSnc3FUQHVe4cU5hj+BcUg==
  
  object-inspect@^1.9.0:
    version "1.12.3"
    resolved "https://registry.yarnpkg.com/object-inspect/-/object-inspect-1.12.3.tgz#ba62dffd67ee256c8c086dfae69e016cd1f198b9"
    integrity sha512-geUvdk7c+eizMNUDkRpW1wJwgfOiOeHbxBR/hLXK1aT6zmVSO0jsQcs7fj6MGw89jC/cjGfLcNOrtMYtGqm81g==
  
  on-finished@2.4.1:
    version "2.4.1"
    resolved "https://registry.yarnpkg.com/on-finished/-/on-finished-2.4.1.tgz#58c8c44116e54845ad57f14ab10b03533184ac3f"
    integrity sha512-oVlzkg3ENAhCk2zdv7IJwd/QUD4z2RxRwpkcGY8psCVcCYZNq4wYnVWALHM+brtuJjePWiYF/ClmuDr8Ch5+kg==
    dependencies:
      ee-first "1.1.1"
  
  on-finished@~2.3.0:
    version "2.3.0"
    resolved "https://registry.yarnpkg.com/on-finished/-/on-finished-2.3.0.tgz#20f1336481b083cd75337992a16971aa2d906947"
    integrity sha512-ikqdkGAAyf/X/gPhXGvfgAytDZtDbr+bkNUJ0N9h5MI/dmdgCs3l6hoHrcUv41sRKew3jIwrp4qQDXiK99Utww==
    dependencies:
      ee-first "1.1.1"
  
  on-headers@~1.0.2:
    version "1.0.2"
    resolved "https://registry.yarnpkg.com/on-headers/-/on-headers-1.0.2.tgz#772b0ae6aaa525c399e489adfad90c403eb3c28f"
    integrity sha512-pZAE+FJLoyITytdqK0U5s+FIpjN0JP3OzFi/u8Rx+EV5/W+JTWGXG8xFzevE7AjBfDqHv/8vL8qQsIhHnqRkrA==
  
  parseurl@~1.3.3:
    version "1.3.3"
    resolved "https://registry.yarnpkg.com/parseurl/-/parseurl-1.3.3.tgz#9da19e7bee8d12dff0513ed5b76957793bc2e8d4"
    integrity sha512-CiyeOxFT/JZyN5m0z9PfXw4SCBJ6Sygz1Dpl0wqjlhDEGGBP1GnsUVEL0p63hoG1fcj3fHynXi9NYO4nWOL+qQ==
  
  path-to-regexp@0.1.7:
    version "0.1.7"
    resolved "https://registry.yarnpkg.com/path-to-regexp/-/path-to-regexp-0.1.7.tgz#df604178005f522f15eb4490e7247a1bfaa67f8c"
    integrity sha512-5DFkuoqlv1uYQKxy8omFBeJPQcdoE07Kv2sferDCrAq1ohOU+MSDswDIbnx3YAM60qIOnYa53wBhXW0EbMonrQ==
  
  picomatch@^2.0.4, picomatch@^2.2.1:
    version "2.3.1"
    resolved "https://registry.yarnpkg.com/picomatch/-/picomatch-2.3.1.tgz#3ba3833733646d9d3e4995946c1365a67fb07a42"
    integrity sha512-JU3teHTNjmE2VCGFzuY8EXzCDVwEqB2a8fsIvwaStHhAWJEeVd1o1QD80CU6+ZdEXXSLbSsuLwJjkCBWqRQUVA==
  
  proxy-addr@~2.0.7:
    version "2.0.7"
    resolved "https://registry.yarnpkg.com/proxy-addr/-/proxy-addr-2.0.7.tgz#f19fe69ceab311eeb94b42e70e8c2070f9ba1025"
    integrity sha512-llQsMLSUDUPT44jdrU/O37qlnifitDP+ZwrmmZcoSKyLKvtZxpyV0n2/bD/N4tBAAZ/gJEdZU7KMraoK1+XYAg==
    dependencies:
      forwarded "0.2.0"
      ipaddr.js "1.9.1"
  
  proxy-from-env@^1.1.0:
    version "1.1.0"
    resolved "https://registry.yarnpkg.com/proxy-from-env/-/proxy-from-env-1.1.0.tgz#e102f16ca355424865755d2c9e8ea4f24d58c3e2"
    integrity sha512-D+zkORCbA9f1tdWRK0RaCR3GPv50cMxcrz4X8k5LTSUD1Dkw47mKJEZQNunItRTkWwgtaUSo1RVFRIG9ZXiFYg==
  
  pstree.remy@^1.1.8:
    version "1.1.8"
    resolved "https://registry.yarnpkg.com/pstree.remy/-/pstree.remy-1.1.8.tgz#c242224f4a67c21f686839bbdb4ac282b8373d3a"
    integrity sha512-77DZwxQmxKnu3aR542U+X8FypNzbfJ+C5XQDk3uWjWxn6151aIMGthWYRXTqT1E5oJvg+ljaa2OJi+VfvCOQ8w==
  
  punycode@^2.1.1:
    version "2.3.0"
    resolved "https://registry.yarnpkg.com/punycode/-/punycode-2.3.0.tgz#f67fa67c94da8f4d0cfff981aee4118064199b8f"
    integrity sha512-rRV+zQD8tVFys26lAGR9WUuS4iUAngJScM+ZRSKtvl5tKeZ2t5bvdNFdNHBW9FWR4guGHlgmsZ1G7BSm2wTbuA==
  
  qs@6.11.0:
    version "6.11.0"
    resolved "https://registry.yarnpkg.com/qs/-/qs-6.11.0.tgz#fd0d963446f7a65e1367e01abd85429453f0c37a"
    integrity sha512-MvjoMCJwEarSbUYk5O+nmoSzSutSsTwF85zcHPQ9OrlFoZOYIjaqBAJIqIXjptyD5vThxGq52Xu/MaJzRkIk4Q==
    dependencies:
      side-channel "^1.0.4"
  
  random-bytes@~1.0.0:
    version "1.0.0"
    resolved "https://registry.yarnpkg.com/random-bytes/-/random-bytes-1.0.0.tgz#4f68a1dc0ae58bd3fb95848c30324db75d64360b"
    integrity sha512-iv7LhNVO047HzYR3InF6pUcUsPQiHTM1Qal51DcGSuZFBil1aBBWG5eHPNek7bvILMaYJ/8RU1e8w1AMdHmLQQ==
  
  range-parser@~1.2.1:
    version "1.2.1"
    resolved "https://registry.yarnpkg.com/range-parser/-/range-parser-1.2.1.tgz#3cf37023d199e1c24d1a55b84800c2f3e6468031"
    integrity sha512-Hrgsx+orqoygnmhFbKaHE6c296J+HTAQXoxEF6gNupROmmGJRoyzfG3ccAveqCBrwr/2yxQ5BVd/GTl5agOwSg==
  
  raw-body@2.5.1:
    version "2.5.1"
    resolved "https://registry.yarnpkg.com/raw-body/-/raw-body-2.5.1.tgz#fe1b1628b181b700215e5fd42389f98b71392857"
    integrity sha512-qqJBtEyVgS0ZmPGdCFPWJ3FreoqvG4MVQln/kCgF7Olq95IbOp0/BWyMwbdtn4VTvkM8Y7khCQ2Xgk/tcrCXig==
    dependencies:
      bytes "3.1.2"
      http-errors "2.0.0"
      iconv-lite "0.4.24"
      unpipe "1.0.0"
  
  raw-body@2.5.2:
    version "2.5.2"
    resolved "https://registry.yarnpkg.com/raw-body/-/raw-body-2.5.2.tgz#99febd83b90e08975087e8f1f9419a149366b68a"
    integrity sha512-8zGqypfENjCIqGhgXToC8aB2r7YrBX+AQAfIPs/Mlk+BtPTztOvTS01NRW/3Eh60J+a48lt8qsCzirQ6loCVfA==
    dependencies:
      bytes "3.1.2"
      http-errors "2.0.0"
      iconv-lite "0.4.24"
      unpipe "1.0.0"
  
  readdirp@~3.6.0:
    version "3.6.0"
    resolved "https://registry.yarnpkg.com/readdirp/-/readdirp-3.6.0.tgz#74a370bd857116e245b29cc97340cd431a02a6c7"
    integrity sha512-hOS089on8RduqdbhvQ5Z37A0ESjsqz6qnRcffsMU3495FuTdqSm+7bhJ29JvIOsBDEEnan5DPu9t3To9VRlMzA==
    dependencies:
      picomatch "^2.2.1"
  
  safe-buffer@5.1.2:
    version "5.1.2"
    resolved "https://registry.yarnpkg.com/safe-buffer/-/safe-buffer-5.1.2.tgz#991ec69d296e0313747d59bdfd2b745c35f8828d"
    integrity sha512-Gd2UZBJDkXlY7GbJxfsE8/nvKkUEU1G38c1siN6QP6a9PT9MmHB8GnpscSmMJSoF8LOIrt8ud/wPtojys4G6+g==
  
  safe-buffer@5.2.1:
    version "5.2.1"
    resolved "https://registry.yarnpkg.com/safe-buffer/-/safe-buffer-5.2.1.tgz#1eaf9fa9bdb1fdd4ec75f58f9cdb4e6b7827eec6"
    integrity sha512-rp3So07KcdmmKbGvgaNxQSJr7bGVSVk5S9Eq1F+ppbRo70+YeaDxkw5Dd8NPN+GD6bjnYm2VuPuCXmpuYvmCXQ==
  
  "safer-buffer@>= 2.1.2 < 3", safer-buffer@^2.1.0:
    version "2.1.2"
    resolved "https://registry.yarnpkg.com/safer-buffer/-/safer-buffer-2.1.2.tgz#44fa161b0187b9549dd84bb91802f9bd8385cd6a"
    integrity sha512-YZo3K82SD7Riyi0E1EQPojLz7kpepnSQI9IyPbHHg1XXXevb5dJI7tpyN2ADxGcQbHG7vcyRHk0cbwqcQriUtg==
  
  saslprep@^1.0.3:
    version "1.0.3"
    resolved "https://registry.yarnpkg.com/saslprep/-/saslprep-1.0.3.tgz#4c02f946b56cf54297e347ba1093e7acac4cf226"
    integrity sha512-/MY/PEMbk2SuY5sScONwhUDsV2p77Znkb/q3nSVstq/yQzYJOH/Azh29p9oJLsl3LnQwSvZDKagDGBsBwSooag==
    dependencies:
      sparse-bitfield "^3.0.3"
  
  semver@^5.7.1:
    version "5.7.1"
    resolved "https://registry.yarnpkg.com/semver/-/semver-5.7.1.tgz#a954f931aeba508d307bbf069eff0c01c96116f7"
    integrity sha512-sauaDf/PZdVgrLTNYHRtpXa1iRiKcaebiKQ1BJdpQlWH2lCvexQdX55snPFyK7QzpudqbCI0qXFfOasHdyNDGQ==
  
  semver@~7.0.0:
    version "7.0.0"
    resolved "https://registry.yarnpkg.com/semver/-/semver-7.0.0.tgz#5f3ca35761e47e05b206c6daff2cf814f0316b8e"
    integrity sha512-+GB6zVA9LWh6zovYQLALHwv5rb2PHGlJi3lfiqIHxR0uuwCgefcOJc59v9fv1w8GbStwxuuqqAjI9NMAOOgq1A==
  
  send@0.18.0:
    version "0.18.0"
    resolved "https://registry.yarnpkg.com/send/-/send-0.18.0.tgz#670167cc654b05f5aa4a767f9113bb371bc706be"
    integrity sha512-qqWzuOjSFOuqPjFe4NOsMLafToQQwBSOEpS+FwEt3A2V3vKubTquT3vmLTQpFgMXp8AlFWFuP1qKaJZOtPpVXg==
    dependencies:
      debug "2.6.9"
      depd "2.0.0"
      destroy "1.2.0"
      encodeurl "~1.0.2"
      escape-html "~1.0.3"
      etag "~1.8.1"
      fresh "0.5.2"
      http-errors "2.0.0"
      mime "1.6.0"
      ms "2.1.3"
      on-finished "2.4.1"
      range-parser "~1.2.1"
      statuses "2.0.1"
  
  serve-static@1.15.0:
    version "1.15.0"
    resolved "https://registry.yarnpkg.com/serve-static/-/serve-static-1.15.0.tgz#faaef08cffe0a1a62f60cad0c4e513cff0ac9540"
    integrity sha512-XGuRDNjXUijsUL0vl6nSD7cwURuzEgglbOaFuZM9g3kwDXOWVTck0jLzjPzGD+TazWbboZYu52/9/XPdUgne9g==
    dependencies:
      encodeurl "~1.0.2"
      escape-html "~1.0.3"
      parseurl "~1.3.3"
      send "0.18.0"
  
  setprototypeof@1.2.0:
    version "1.2.0"
    resolved "https://registry.yarnpkg.com/setprototypeof/-/setprototypeof-1.2.0.tgz#66c9a24a73f9fc28cbe66b09fed3d33dcaf1b424"
    integrity sha512-E5LDX7Wrp85Kil5bhZv46j8jOeboKq5JMmYM3gVGdGH8xFpPWXUMsNrlODCrkoxMEeNi/XZIwuRvY4XNwYMJpw==
  
  side-channel@^1.0.4:
    version "1.0.4"
    resolved "https://registry.yarnpkg.com/side-channel/-/side-channel-1.0.4.tgz#efce5c8fdc104ee751b25c58d4290011fa5ea2cf"
    integrity sha512-q5XPytqFEIKHkGdiMIrY10mvLRvnQh42/+GoBlFW3b2LXLE2xxJpZFdm94we0BaoV3RwJyGqg5wS7epxTv0Zvw==
    dependencies:
      call-bind "^1.0.0"
      get-intrinsic "^1.0.2"
      object-inspect "^1.9.0"
  
  sift@16.0.1:
    version "16.0.1"
    resolved "https://registry.yarnpkg.com/sift/-/sift-16.0.1.tgz#e9c2ccc72191585008cf3e36fc447b2d2633a053"
    integrity sha512-Wv6BjQ5zbhW7VFefWusVP33T/EM0vYikCaQ2qR8yULbsilAT8/wQaXvuQ3ptGLpoKx+lihJE3y2UTgKDyyNHZQ==
  
  simple-update-notifier@^1.0.7:
    version "1.1.0"
    resolved "https://registry.yarnpkg.com/simple-update-notifier/-/simple-update-notifier-1.1.0.tgz#67694c121de354af592b347cdba798463ed49c82"
    integrity sha512-VpsrsJSUcJEseSbMHkrsrAVSdvVS5I96Qo1QAQ4FxQ9wXFcB+pjj7FB7/us9+GcgfW4ziHtYMc1J0PLczb55mg==
    dependencies:
      semver "~7.0.0"
  
  smart-buffer@^4.2.0:
    version "4.2.0"
    resolved "https://registry.yarnpkg.com/smart-buffer/-/smart-buffer-4.2.0.tgz#6e1d71fa4f18c05f7d0ff216dd16a481d0e8d9ae"
    integrity sha512-94hK0Hh8rPqQl2xXc3HsaBoOXKV20MToPkcXvwbISWLEs+64sBq5kFgn2kJDHb1Pry9yrP0dxrCI9RRci7RXKg==
  
  socks@^2.7.1:
    version "2.7.1"
    resolved "https://registry.yarnpkg.com/socks/-/socks-2.7.1.tgz#d8e651247178fde79c0663043e07240196857d55"
    integrity sha512-7maUZy1N7uo6+WVEX6psASxtNlKaNVMlGQKkG/63nEDdLOWNbiUMoLK7X4uYoLhQstau72mLgfEWcXcwsaHbYQ==
    dependencies:
      ip "^2.0.0"
      smart-buffer "^4.2.0"
  
  sparse-bitfield@^3.0.3:
    version "3.0.3"
    resolved "https://registry.yarnpkg.com/sparse-bitfield/-/sparse-bitfield-3.0.3.tgz#ff4ae6e68656056ba4b3e792ab3334d38273ca11"
    integrity sha512-kvzhi7vqKTfkh0PZU+2D2PIllw2ymqJKujUcyPMd9Y75Nv4nPbGJZXNhxsgdQab2BmlDct1YnfQCguEvHr7VsQ==
    dependencies:
      memory-pager "^1.0.2"
  
  statuses@2.0.1:
    version "2.0.1"
    resolved "https://registry.yarnpkg.com/statuses/-/statuses-2.0.1.tgz#55cb000ccf1d48728bd23c685a063998cf1a1b63"
    integrity sha512-RwNA9Z/7PrK06rYLIzFMlaF+l73iwpzsqRIFgbMLbTcLD6cOao82TaWefPXQvB2fOC4AjuYSEndS7N/mTCbkdQ==
  
  strnum@^1.0.5:
    version "1.0.5"
    resolved "https://registry.yarnpkg.com/strnum/-/strnum-1.0.5.tgz#5c4e829fe15ad4ff0d20c3db5ac97b73c9b072db"
    integrity sha512-J8bbNyKKXl5qYcR36TIO8W3mVGVHrmmxsd5PAItGkmyzwJvybiw2IVq5nqd0i4LSNSkB/sx9VHllbfFdr9k1JA==
  
  supports-color@^5.5.0:
    version "5.5.0"
    resolved "https://registry.yarnpkg.com/supports-color/-/supports-color-5.5.0.tgz#e2e69a44ac8772f78a1ec0b35b689df6530efc8f"
    integrity sha512-QjVjwdXIt408MIiAqCX4oUKsgU2EqAGzs2Ppkm4aQYbjm+ZEWEcW4SfFNTr4uMNZma0ey4f5lgLrkB0aX0QMow==
    dependencies:
      has-flag "^3.0.0"
  
  supports-color@^7.1.0:
    version "7.2.0"
    resolved "https://registry.yarnpkg.com/supports-color/-/supports-color-7.2.0.tgz#1b7dcdcb32b8138801b3e478ba6a51caa89648da"
    integrity sha512-qpCAvRl9stuOHveKsn7HncJRvv501qIacKzQlO/+Lwxc9+0q2wLyv4Dfvt80/DPn2pqOBsJdDiogXGR9+OvwRw==
    dependencies:
      has-flag "^4.0.0"
  
  to-regex-range@^5.0.1:
    version "5.0.1"
    resolved "https://registry.yarnpkg.com/to-regex-range/-/to-regex-range-5.0.1.tgz#1648c44aae7c8d988a326018ed72f5b4dd0392e4"
    integrity sha512-65P7iz6X5yEr1cwcgvQxbbIw7Uk3gOy5dIdtZ4rDveLqhrdJP+Li/Hx6tyK0NEb+2GCyneCMJiGqrADCSNk8sQ==
    dependencies:
      is-number "^7.0.0"
  
  toidentifier@1.0.1:
    version "1.0.1"
    resolved "https://registry.yarnpkg.com/toidentifier/-/toidentifier-1.0.1.tgz#3be34321a88a820ed1bd80dfaa33e479fbb8dd35"
    integrity sha512-o5sSPKEkg/DIQNmH43V0/uerLrpzVedkUh8tGNvaeXpfpuwjKenlSox/2O/BTlZUtEe+JG7s5YhEz608PlAHRA==
  
  touch@^3.1.0:
    version "3.1.0"
    resolved "https://registry.yarnpkg.com/touch/-/touch-3.1.0.tgz#fe365f5f75ec9ed4e56825e0bb76d24ab74af83b"
    integrity sha512-WBx8Uy5TLtOSRtIq+M03/sKDrXCLHxwDcquSP2c43Le03/9serjQBIztjRz6FkJez9D/hleyAXTBGLwwZUw9lA==
    dependencies:
      nopt "~1.0.10"
  
  tr46@^3.0.0:
    version "3.0.0"
    resolved "https://registry.yarnpkg.com/tr46/-/tr46-3.0.0.tgz#555c4e297a950617e8eeddef633c87d4d9d6cbf9"
    integrity sha512-l7FvfAHlcmulp8kr+flpQZmVwtu7nfRV7NZujtN0OqES8EL4O4e0qqzL0DC5gAvx/ZC/9lk6rhcUwYvkBnBnYA==
    dependencies:
      punycode "^2.1.1"
  
  tslib@^1.11.1:
    version "1.14.1"
    resolved "https://registry.yarnpkg.com/tslib/-/tslib-1.14.1.tgz#cf2d38bdc34a134bcaf1091c41f6619e2f672d00"
    integrity sha512-Xni35NKzjgMrwevysHTCArtLDpPvye8zV/0E4EyYn43P7/7qvQwPh9BGkHewbMulVntbigmcT7rdX3BNo9wRJg==
  
  tslib@^2.3.1, tslib@^2.5.0:
    version "2.5.2"
    resolved "https://registry.yarnpkg.com/tslib/-/tslib-2.5.2.tgz#1b6f07185c881557b0ffa84b111a0106989e8338"
    integrity sha512-5svOrSA2w3iGFDs1HibEVBGbDrAY82bFQ3HZ3ixB+88nsbsWQoKqDRb5UBYAUPEzbBn6dAp5gRNXglySbx1MlA==
  
  type-is@~1.6.18:
    version "1.6.18"
    resolved "https://registry.yarnpkg.com/type-is/-/type-is-1.6.18.tgz#4e552cd05df09467dcbc4ef739de89f2cf37c131"
    integrity sha512-TkRKr9sUTxEH8MdfuCSP7VizJyzRNMjj2J2do2Jr3Kym598JVdEksuzPQCnlFPW4ky9Q+iA+ma9BGm06XQBy8g==
    dependencies:
      media-typer "0.3.0"
      mime-types "~2.1.24"
  
  uid-safe@~2.1.5:
    version "2.1.5"
    resolved "https://registry.yarnpkg.com/uid-safe/-/uid-safe-2.1.5.tgz#2b3d5c7240e8fc2e58f8aa269e5ee49c0857bd3a"
    integrity sha512-KPHm4VL5dDXKz01UuEd88Df+KzynaohSL9fBh096KWAxSKZQDI2uBrVqtvRM4rwrIrRRKsdLNML/lnaaVSRioA==
    dependencies:
      random-bytes "~1.0.0"
  
  undefsafe@^2.0.5:
    version "2.0.5"
    resolved "https://registry.yarnpkg.com/undefsafe/-/undefsafe-2.0.5.tgz#38733b9327bdcd226db889fb723a6efd162e6e2c"
    integrity sha512-WxONCrssBM8TSPRqN5EmsjVrsv4A8X12J4ArBiiayv3DyyG3ZlIg6yysuuSYdZsVz3TKcTg2fd//Ujd4CHV1iA==
  
  unpipe@1.0.0, unpipe@~1.0.0:
    version "1.0.0"
    resolved "https://registry.yarnpkg.com/unpipe/-/unpipe-1.0.0.tgz#b2bf4ee8514aae6165b4817829d21b2ef49904ec"
    integrity sha512-pjy2bYhSsufwWlKwPc+l3cN7+wuJlK6uz0YdJEOlQDbl6jo/YlPi4mb8agUkVC8BF7V8NuzeyPNqRksA3hztKQ==
  
  utils-merge@1.0.1:
    version "1.0.1"
    resolved "https://registry.yarnpkg.com/utils-merge/-/utils-merge-1.0.1.tgz#9f95710f50a267947b2ccc124741c1028427e713"
    integrity sha512-pMZTvIkT1d+TFGvDOqodOclx0QWkkgi6Tdoa8gC8ffGAAqz9pzPTZWAybbsHHoED/ztMtkv/VoYTYyShUn81hA==
  
  uuid@^8.3.2:
    version "8.3.2"
    resolved "https://registry.yarnpkg.com/uuid/-/uuid-8.3.2.tgz#80d5b5ced271bb9af6c445f21a1a04c606cefbe2"
    integrity sha512-+NYs2QeMWy+GWFOEm9xnn6HCDp0l7QBD7ml8zLUmJ+93Q5NF0NocErnwkTkXVFNiX3/fpC6afS8Dhb/gz7R7eg==
  
  vary@^1, vary@~1.1.2:
    version "1.1.2"
    resolved "https://registry.yarnpkg.com/vary/-/vary-1.1.2.tgz#2299f02c6ded30d4a5961b0b9f74524a18f634fc"
    integrity sha512-BNGbWLfd0eUPabhkXUVm0j8uuvREyTh5ovRa/dyow/BqAbZJyC+5fU+IzQOzmAKzYqYRAISoRhdQr3eIZ/PXqg==
  
  webidl-conversions@^7.0.0:
    version "7.0.0"
    resolved "https://registry.yarnpkg.com/webidl-conversions/-/webidl-conversions-7.0.0.tgz#256b4e1882be7debbf01d05f0aa2039778ea080a"
    integrity sha512-VwddBukDzu71offAQR975unBIGqfKZpM+8ZX6ySk8nYhVoo5CYaZyzt3YBvYtRtO+aoGlqxPg/B87NGVZ/fu6g==
  
  whatwg-url@^11.0.0:
    version "11.0.0"
    resolved "https://registry.yarnpkg.com/whatwg-url/-/whatwg-url-11.0.0.tgz#0a849eebb5faf2119b901bb76fd795c2848d4018"
    integrity sha512-RKT8HExMpoYx4igMiVMY83lN6UeITKJlBQ+vR/8ZJ8OCdSiN3RwCq+9gH0+Xzj0+5IrM6i4j/6LuvzbZIQgEcQ==
    dependencies:
      tr46 "^3.0.0"
      webidl-conversions "^7.0.0"
